
Showing logs for build [32mjstrachan-environment-bucketrep-vpr9m-1[0m stage [32mpr-checks[0m and container [32mstep-credential-initializer-vt5sm[0m
{"level":"warn","ts":1584549883.7379534,"logger":"fallback-logger","caller":"logging/config.go:69","msg":"Fetch GitHub commit ID from kodata failed: \"ref: refs/heads/0.8.0-**-support-backwards-incompats\" is not a valid GitHub commit ID"}
{"level":"info","ts":1584549883.7385557,"logger":"fallback-logger","caller":"creds-init/main.go:40","msg":"Credentials initialized."}

Showing logs for build [32mjstrachan-environment-bucketrep-vpr9m-1[0m stage [32mpr-checks[0m and container [32mstep-working-dir-initializer-gfhhs[0m
{"level":"warn","ts":1584549884.7374713,"logger":"fallback-logger","caller":"logging/config.go:69","msg":"Fetch GitHub commit ID from kodata failed: open /var/run/ko/HEAD: no such file or directory"}
{"level":"info","ts":1584549884.7384534,"logger":"fallback-logger","caller":"bash/main.go:64","msg":"Successfully executed command \"sh -c mkdir -p /workspace/source\"; output "}

Showing logs for build [32mjstrachan-environment-bucketrep-vpr9m-1[0m stage [32mpr-checks[0m and container [32mstep-place-tools[0m

Showing logs for build [32mjstrachan-environment-bucketrep-vpr9m-1[0m stage [32mpr-checks[0m and container [32mstep-git-source-jstrachan-environment-bucketrep-vpr9m-ktdc7[0m
{"level":"warn","ts":1584549890.8842027,"logger":"fallback-logger","caller":"logging/config.go:69","msg":"Fetch GitHub commit ID from kodata failed: \"ref: refs/heads/0.8.0-**-support-backwards-incompats\" is not a valid GitHub commit ID"}
{"level":"info","ts":1584549891.9542675,"logger":"fallback-logger","caller":"git/git.go:103","msg":"Successfully cloned https://github.com/*********/environment-bucketrepo-staging.git @ master in path /workspace/source"}

Showing logs for build [32mjstrachan-environment-bucketrep-vpr9m-1[0m stage [32mpr-checks[0m and container [32mstep-git-merge[0m
Using SHAs from PULL_REFS=master:f317fdc6fb25ce26252d921ce89974699872f9d8,20:95eca72bea31a274baeccaa492675771f49655f5
DEBUG: LC_ALL=C JX_LOG_LEVEL=error git fetch origin --unshallow 95eca72bea31a274baeccaa492675771f49655f5: f317fdc6fb25ce26252d921ce89974699872f9d8:
DEBUG: ran git fetch --unshallow origin 95eca72bea31a274baeccaa492675771f49655f5: f317fdc6fb25ce26252d921ce89974699872f9d8: in 
DEBUG: LC_ALL=C JX_LOG_LEVEL=error git branch
DEBUG: LC_ALL=C JX_LOG_LEVEL=error git checkout master
DEBUG: ran git checkout master in 
DEBUG: LC_ALL=C JX_LOG_LEVEL=error git reset --hard f317fdc6fb25ce26252d921ce89974699872f9d8
DEBUG: ran git reset --hard f317fdc6fb25ce26252d921ce89974699872f9d8 in 
DEBUG: LC_ALL=C JX_LOG_LEVEL=error git clean -fd .
DEBUG: ran clean --force -d . in 
DEBUG: LC_ALL=C JX_LOG_LEVEL=error git merge 95eca72bea31a274baeccaa492675771f49655f5
DEBUG: ran git merge 95eca72bea31a274baeccaa492675771f49655f5 in 
DEBUG: LC_ALL=C JX_LOG_LEVEL=error git log --format=%H%x1f%an%x1f%ae%x1f%cn%x1f%ce%x1f%s%n%b%x1e f317fdc6fb25ce26252d921ce89974699872f9d8..HEAD
Merged SHA 95eca72bea31a274baeccaa492675771f49655f5 with commit message 'chore: Promote nodey434 to version 1.0.6' into base branch master

Showing logs for build [32mjstrachan-environment-bucketrep-vpr9m-1[0m stage [32mpr-checks[0m and container [32mstep-create-helmfile[0m

Showing logs for build [32mjstrachan-environment-bucketrep-vpr9m-1[0m stage [32mpr-checks[0m and container [32mstep-lint-helmfile-system[0m
Adding repo dev http://bucketrepo/bucketrepo/charts/
"dev" has been added to your repositories

Adding repo jenkins-x https://storage.googleapis.com/chartmuseum.jenkins-x.io
"jenkins-x" has been added to your repositories

Updating repo
Hang tight while we grab the latest from your chart repositories...
...Successfully got an update from the "dev" chart repository
...Successfully got an update from the "jenkins-x" chart repository
Update Complete. âˆ Happy Helming!âˆ 

Fetching jenkins-x/empty
Linting release=empty, chart=/tmp/261469542/empty/latest/jenkins-x/empty/empty
==> Linting /tmp/261469542/empty/latest/jenkins-x/empty/empty

1 chart(s) linted, 0 chart(s) failed


Showing logs for build [32mjstrachan-environment-bucketrep-vpr9m-1[0m stage [32mpr-checks[0m and container [32mstep-lint-helmfile-apps[0m
Adding repo dev http://bucketrepo/bucketrepo/charts/
"dev" has been added to your repositories

Adding repo jenkins-x http://chartmuseum.jenkins-x.io
"jenkins-x" has been added to your repositories

Updating repo
Hang tight while we grab the latest from your chart repositories...
...Successfully got an update from the "dev" chart repository
...Successfully got an update from the "jenkins-x" chart repository
Update Complete. âˆ Happy Helming!âˆ 

Fetching dev/nodey434
Linting release=nodey434, chart=/tmp/752506464/nodey434/1.0.6/dev/nodey434/nodey434
==> Linting /tmp/752506464/nodey434/1.0.6/dev/nodey434/nodey434

1 chart(s) linted, 0 chart(s) failed

