
Showing logs for build [32mjstrachan-environment-bucketrep-vglcx-1[0m stage [32mpr-checks[0m and container [32mstep-credential-initializer-h4qgl[0m
{"level":"warn","ts":1584714146.735639,"logger":"fallback-logger","caller":"logging/config.go:69","msg":"Fetch GitHub commit ID from kodata failed: \"ref: refs/heads/0.8.0-**-support-backwards-incompats\" is not a valid GitHub commit ID"}
{"level":"info","ts":1584714146.7360127,"logger":"fallback-logger","caller":"creds-init/main.go:40","msg":"Credentials initialized."}

Showing logs for build [32mjstrachan-environment-bucketrep-vglcx-1[0m stage [32mpr-checks[0m and container [32mstep-working-dir-initializer-v62nk[0m
{"level":"warn","ts":1584714147.8451126,"logger":"fallback-logger","caller":"logging/config.go:69","msg":"Fetch GitHub commit ID from kodata failed: open /var/run/ko/HEAD: no such file or directory"}
{"level":"info","ts":1584714147.8462415,"logger":"fallback-logger","caller":"bash/main.go:64","msg":"Successfully executed command \"sh -c mkdir -p /workspace/source\"; output "}

Showing logs for build [32mjstrachan-environment-bucketrep-vglcx-1[0m stage [32mpr-checks[0m and container [32mstep-place-tools[0m

Showing logs for build [32mjstrachan-environment-bucketrep-vglcx-1[0m stage [32mpr-checks[0m and container [32mstep-git-source-jstrachan-environment-bucketrep-vglcx-6lt9h[0m
{"level":"warn","ts":1584714154.1065984,"logger":"fallback-logger","caller":"logging/config.go:69","msg":"Fetch GitHub commit ID from kodata failed: \"ref: refs/heads/0.8.0-**-support-backwards-incompats\" is not a valid GitHub commit ID"}
{"level":"info","ts":1584714155.2088773,"logger":"fallback-logger","caller":"git/git.go:103","msg":"Successfully cloned https://github.com/*********/environment-bucketrepo-staging.git @ master in path /workspace/source"}

Showing logs for build [32mjstrachan-environment-bucketrep-vglcx-1[0m stage [32mpr-checks[0m and container [32mstep-git-merge[0m
Using SHAs from PULL_REFS=master:674ac7e4d06f0f26332371b9b092205db502884a,34:1bcd2e9d31a66e09d2a42e1b2dab2362162e4855
DEBUG: LC_ALL=C JX_LOG_LEVEL=error git fetch origin --unshallow 1bcd2e9d31a66e09d2a42e1b2dab2362162e4855: 674ac7e4d06f0f26332371b9b092205db502884a:
DEBUG: ran git fetch --unshallow origin 1bcd2e9d31a66e09d2a42e1b2dab2362162e4855: 674ac7e4d06f0f26332371b9b092205db502884a: in 
DEBUG: LC_ALL=C JX_LOG_LEVEL=error git branch
DEBUG: LC_ALL=C JX_LOG_LEVEL=error git checkout master
DEBUG: ran git checkout master in 
DEBUG: LC_ALL=C JX_LOG_LEVEL=error git reset --hard 674ac7e4d06f0f26332371b9b092205db502884a
DEBUG: ran git reset --hard 674ac7e4d06f0f26332371b9b092205db502884a in 
DEBUG: LC_ALL=C JX_LOG_LEVEL=error git clean -fd .
DEBUG: ran clean --force -d . in 
DEBUG: LC_ALL=C JX_LOG_LEVEL=error git merge 1bcd2e9d31a66e09d2a42e1b2dab2362162e4855
DEBUG: ran git merge 1bcd2e9d31a66e09d2a42e1b2dab2362162e4855 in 
DEBUG: LC_ALL=C JX_LOG_LEVEL=error git log --format=%H%x1f%an%x1f%ae%x1f%cn%x1f%ce%x1f%s%n%b%x1e 674ac7e4d06f0f26332371b9b092205db502884a..HEAD
Merged SHA 1bcd2e9d31a66e09d2a42e1b2dab2362162e4855 with commit message 'chore: Promote godemo40 to version 0.0.2' into base branch master

Showing logs for build [32mjstrachan-environment-bucketrep-vglcx-1[0m stage [32mpr-checks[0m and container [32mstep-create-helmfile[0m

Showing logs for build [32mjstrachan-environment-bucketrep-vglcx-1[0m stage [32mpr-checks[0m and container [32mstep-lint-helmfile-system[0m
Adding repo dev http://bucketrepo/bucketrepo/charts/
"dev" has been added to your repositories

Adding repo jenkins-x https://storage.googleapis.com/chartmuseum.jenkins-x.io
"jenkins-x" has been added to your repositories

Updating repo
Hang tight while we grab the latest from your chart repositories...
...Successfully got an update from the "dev" chart repository
...Successfully got an update from the "jenkins-x" chart repository
Update Complete. ⎈ Happy Helming!⎈ 

Fetching jenkins-x/empty
Linting release=empty, chart=/tmp/092111808/empty/latest/jenkins-x/empty/empty
==> Linting /tmp/092111808/empty/latest/jenkins-x/empty/empty

1 chart(s) linted, 0 chart(s) failed


Showing logs for build [32mjstrachan-environment-bucketrep-vglcx-1[0m stage [32mpr-checks[0m and container [32mstep-lint-helmfile-apps[0m
Adding repo dev http://bucketrepo/bucketrepo/charts/
"dev" has been added to your repositories

Adding repo jenkins-x http://chartmuseum.jenkins-x.io
"jenkins-x" has been added to your repositories

Updating repo
Hang tight while we grab the latest from your chart repositories...
...Successfully got an update from the "dev" chart repository
...Successfully got an update from the "jenkins-x" chart repository
Update Complete. ⎈ Happy Helming!⎈ 

Fetching dev/godemo40
Linting release=godemo40, chart=/tmp/362752595/godemo40/0.0.2/dev/godemo40/godemo40
==> Linting /tmp/362752595/godemo40/0.0.2/dev/godemo40/godemo40

1 chart(s) linted, 0 chart(s) failed

