
Showing logs for build [32mjstrachan-environment-bucketrep-tbxgq-1[0m stage [32mpr-checks[0m and container [32mstep-credential-initializer-pqgmt[0m
{"level":"warn","ts":1584627293.8616192,"logger":"fallback-logger","caller":"logging/config.go:69","msg":"Fetch GitHub commit ID from kodata failed: \"ref: refs/heads/0.8.0-**-support-backwards-incompats\" is not a valid GitHub commit ID"}
{"level":"info","ts":1584627293.8620353,"logger":"fallback-logger","caller":"creds-init/main.go:40","msg":"Credentials initialized."}

Showing logs for build [32mjstrachan-environment-bucketrep-tbxgq-1[0m stage [32mpr-checks[0m and container [32mstep-working-dir-initializer-6drmx[0m
{"level":"warn","ts":1584627295.1064613,"logger":"fallback-logger","caller":"logging/config.go:69","msg":"Fetch GitHub commit ID from kodata failed: open /var/run/ko/HEAD: no such file or directory"}
{"level":"info","ts":1584627295.1076128,"logger":"fallback-logger","caller":"bash/main.go:64","msg":"Successfully executed command \"sh -c mkdir -p /workspace/source\"; output "}

Showing logs for build [32mjstrachan-environment-bucketrep-tbxgq-1[0m stage [32mpr-checks[0m and container [32mstep-place-tools[0m

Showing logs for build [32mjstrachan-environment-bucketrep-tbxgq-1[0m stage [32mpr-checks[0m and container [32mstep-git-source-jstrachan-environment-bucketrep-tbxgq-7k72d[0m
{"level":"warn","ts":1584627301.2044728,"logger":"fallback-logger","caller":"logging/config.go:69","msg":"Fetch GitHub commit ID from kodata failed: \"ref: refs/heads/0.8.0-**-support-backwards-incompats\" is not a valid GitHub commit ID"}
{"level":"info","ts":1584627302.6492553,"logger":"fallback-logger","caller":"git/git.go:103","msg":"Successfully cloned https://github.com/*********/environment-bucketrepo-staging.git @ master in path /workspace/source"}

Showing logs for build [32mjstrachan-environment-bucketrep-tbxgq-1[0m stage [32mpr-checks[0m and container [32mstep-git-merge[0m
Using SHAs from PULL_REFS=master:1396cda11e3b41f7eb3a57dfa7c55eb022768bed,24:e697ff93d3bdc0940e6ba44669f8aac86fdffe01
DEBUG: LC_ALL=C JX_LOG_LEVEL=error git fetch origin --unshallow e697ff93d3bdc0940e6ba44669f8aac86fdffe01: 1396cda11e3b41f7eb3a57dfa7c55eb022768bed:
DEBUG: ran git fetch --unshallow origin e697ff93d3bdc0940e6ba44669f8aac86fdffe01: 1396cda11e3b41f7eb3a57dfa7c55eb022768bed: in 
DEBUG: LC_ALL=C JX_LOG_LEVEL=error git branch
DEBUG: LC_ALL=C JX_LOG_LEVEL=error git checkout master
DEBUG: ran git checkout master in 
DEBUG: JX_LOG_LEVEL=error LC_ALL=C git reset --hard 1396cda11e3b41f7eb3a57dfa7c55eb022768bed
DEBUG: ran git reset --hard 1396cda11e3b41f7eb3a57dfa7c55eb022768bed in 
DEBUG: LC_ALL=C JX_LOG_LEVEL=error git clean -fd .
DEBUG: ran clean --force -d . in 
DEBUG: LC_ALL=C JX_LOG_LEVEL=error git merge e697ff93d3bdc0940e6ba44669f8aac86fdffe01
DEBUG: ran git merge e697ff93d3bdc0940e6ba44669f8aac86fdffe01 in 
DEBUG: JX_LOG_LEVEL=error LC_ALL=C git log --format=%H%x1f%an%x1f%ae%x1f%cn%x1f%ce%x1f%s%n%b%x1e 1396cda11e3b41f7eb3a57dfa7c55eb022768bed..HEAD
Merged SHA e697ff93d3bdc0940e6ba44669f8aac86fdffe01 with commit message 'chore: Promote godemo30 to version 0.0.7' into base branch master

Showing logs for build [32mjstrachan-environment-bucketrep-tbxgq-1[0m stage [32mpr-checks[0m and container [32mstep-create-helmfile[0m

Showing logs for build [32mjstrachan-environment-bucketrep-tbxgq-1[0m stage [32mpr-checks[0m and container [32mstep-lint-helmfile-system[0m
Adding repo dev http://bucketrepo/bucketrepo/charts/
"dev" has been added to your repositories

Adding repo jenkins-x https://storage.googleapis.com/chartmuseum.jenkins-x.io
"jenkins-x" has been added to your repositories

Updating repo
Hang tight while we grab the latest from your chart repositories...
...Successfully got an update from the "dev" chart repository
...Successfully got an update from the "jenkins-x" chart repository
Update Complete. ⎈ Happy Helming!⎈ 

Fetching jenkins-x/empty
Linting release=empty, chart=/tmp/451100678/empty/latest/jenkins-x/empty/empty
==> Linting /tmp/451100678/empty/latest/jenkins-x/empty/empty

1 chart(s) linted, 0 chart(s) failed


Showing logs for build [32mjstrachan-environment-bucketrep-tbxgq-1[0m stage [32mpr-checks[0m and container [32mstep-lint-helmfile-apps[0m
Adding repo dev http://bucketrepo/bucketrepo/charts/
"dev" has been added to your repositories

Adding repo jenkins-x http://chartmuseum.jenkins-x.io
"jenkins-x" has been added to your repositories

Updating repo
Hang tight while we grab the latest from your chart repositories...
...Successfully got an update from the "dev" chart repository
...Successfully got an update from the "jenkins-x" chart repository
Update Complete. ⎈ Happy Helming!⎈ 

Fetching dev/godemo30
Linting release=godemo30, chart=/tmp/866451863/godemo30/0.0.7/dev/godemo30/godemo30
==> Linting /tmp/866451863/godemo30/0.0.7/dev/godemo30/godemo30

1 chart(s) linted, 0 chart(s) failed

