
Showing logs for build [32mjstrachan-environment-bucketrep-n6brj-1[0m stage [32mpr-checks[0m and container [32mstep-credential-initializer-hqlhc[0m
{"level":"warn","ts":1584713230.7071133,"logger":"fallback-logger","caller":"logging/config.go:69","msg":"Fetch GitHub commit ID from kodata failed: \"ref: refs/heads/0.8.0-**-support-backwards-incompats\" is not a valid GitHub commit ID"}
{"level":"info","ts":1584713230.7189264,"logger":"fallback-logger","caller":"creds-init/main.go:40","msg":"Credentials initialized."}

Showing logs for build [32mjstrachan-environment-bucketrep-n6brj-1[0m stage [32mpr-checks[0m and container [32mstep-working-dir-initializer-jml9c[0m
{"level":"warn","ts":1584713231.727593,"logger":"fallback-logger","caller":"logging/config.go:69","msg":"Fetch GitHub commit ID from kodata failed: open /var/run/ko/HEAD: no such file or directory"}
{"level":"info","ts":1584713231.7292948,"logger":"fallback-logger","caller":"bash/main.go:64","msg":"Successfully executed command \"sh -c mkdir -p /workspace/source\"; output "}

Showing logs for build [32mjstrachan-environment-bucketrep-n6brj-1[0m stage [32mpr-checks[0m and container [32mstep-place-tools[0m

Showing logs for build [32mjstrachan-environment-bucketrep-n6brj-1[0m stage [32mpr-checks[0m and container [32mstep-git-source-jstrachan-environment-bucketrep-n6brj-lpmff[0m
{"level":"warn","ts":1584713238.0110579,"logger":"fallback-logger","caller":"logging/config.go:69","msg":"Fetch GitHub commit ID from kodata failed: \"ref: refs/heads/0.8.0-**-support-backwards-incompats\" is not a valid GitHub commit ID"}
{"level":"info","ts":1584713239.1377826,"logger":"fallback-logger","caller":"git/git.go:103","msg":"Successfully cloned https://github.com/*********/environment-bucketrepo-staging.git @ master in path /workspace/source"}

Showing logs for build [32mjstrachan-environment-bucketrep-n6brj-1[0m stage [32mpr-checks[0m and container [32mstep-git-merge[0m
Using SHAs from PULL_REFS=master:51085d1740afa3ed1fa7da410010e6fc674ed9f2,33:3ac59a4bca2d4172d9e743bdbc7586211d605667
DEBUG: LC_ALL=C JX_LOG_LEVEL=error git fetch origin --unshallow 3ac59a4bca2d4172d9e743bdbc7586211d605667: 51085d1740afa3ed1fa7da410010e6fc674ed9f2:
DEBUG: ran git fetch --unshallow origin 3ac59a4bca2d4172d9e743bdbc7586211d605667: 51085d1740afa3ed1fa7da410010e6fc674ed9f2: in 
DEBUG: LC_ALL=C JX_LOG_LEVEL=error git branch
DEBUG: LC_ALL=C JX_LOG_LEVEL=error git checkout master
DEBUG: ran git checkout master in 
DEBUG: JX_LOG_LEVEL=error LC_ALL=C git reset --hard 51085d1740afa3ed1fa7da410010e6fc674ed9f2
DEBUG: ran git reset --hard 51085d1740afa3ed1fa7da410010e6fc674ed9f2 in 
DEBUG: LC_ALL=C JX_LOG_LEVEL=error git clean -fd .
DEBUG: ran clean --force -d . in 
DEBUG: LC_ALL=C JX_LOG_LEVEL=error git merge 3ac59a4bca2d4172d9e743bdbc7586211d605667
DEBUG: ran git merge 3ac59a4bca2d4172d9e743bdbc7586211d605667 in 
DEBUG: JX_LOG_LEVEL=error LC_ALL=C git log --format=%H%x1f%an%x1f%ae%x1f%cn%x1f%ce%x1f%s%n%b%x1e 51085d1740afa3ed1fa7da410010e6fc674ed9f2..HEAD
Merged SHA 3ac59a4bca2d4172d9e743bdbc7586211d605667 with commit message 'chore: Promote godemo40 to version 0.0.1' into base branch master

Showing logs for build [32mjstrachan-environment-bucketrep-n6brj-1[0m stage [32mpr-checks[0m and container [32mstep-create-helmfile[0m

Showing logs for build [32mjstrachan-environment-bucketrep-n6brj-1[0m stage [32mpr-checks[0m and container [32mstep-lint-helmfile-system[0m
Adding repo dev http://bucketrepo/bucketrepo/charts/
"dev" has been added to your repositories

Adding repo jenkins-x https://storage.googleapis.com/chartmuseum.jenkins-x.io
"jenkins-x" has been added to your repositories

Updating repo
Hang tight while we grab the latest from your chart repositories...
...Successfully got an update from the "dev" chart repository
...Successfully got an update from the "jenkins-x" chart repository
Update Complete. ⎈ Happy Helming!⎈ 

Fetching jenkins-x/empty
Linting release=empty, chart=/tmp/606159890/empty/latest/jenkins-x/empty/empty
==> Linting /tmp/606159890/empty/latest/jenkins-x/empty/empty

1 chart(s) linted, 0 chart(s) failed


Showing logs for build [32mjstrachan-environment-bucketrep-n6brj-1[0m stage [32mpr-checks[0m and container [32mstep-lint-helmfile-apps[0m
Adding repo dev http://bucketrepo/bucketrepo/charts/
"dev" has been added to your repositories

Adding repo jenkins-x http://chartmuseum.jenkins-x.io
"jenkins-x" has been added to your repositories

Updating repo
Hang tight while we grab the latest from your chart repositories...
...Successfully got an update from the "dev" chart repository
...Successfully got an update from the "jenkins-x" chart repository
Update Complete. ⎈ Happy Helming!⎈ 

Fetching dev/godemo37
Fetching dev/godemo40
Linting release=godemo37, chart=/tmp/461699046/godemo37/0.0.6/dev/godemo37/godemo37
==> Linting /tmp/461699046/godemo37/0.0.6/dev/godemo37/godemo37

1 chart(s) linted, 0 chart(s) failed

Linting release=godemo40, chart=/tmp/461699046/godemo40/0.0.1/dev/godemo40/godemo40
==> Linting /tmp/461699046/godemo40/0.0.1/dev/godemo40/godemo40

1 chart(s) linted, 0 chart(s) failed

