
Showing logs for build [32mjstrachan-environment-bucketrep-n6t97-1[0m stage [32mpr-checks[0m and container [32mstep-credential-initializer-8jwbg[0m
{"level":"warn","ts":1584091491.874538,"logger":"fallback-logger","caller":"logging/config.go:69","msg":"Fetch GitHub commit ID from kodata failed: \"ref: refs/heads/0.8.0-**-support-backwards-incompats\" is not a valid GitHub commit ID"}
{"level":"info","ts":1584091491.8770757,"logger":"fallback-logger","caller":"creds-init/main.go:40","msg":"Credentials initialized."}

Showing logs for build [32mjstrachan-environment-bucketrep-n6t97-1[0m stage [32mpr-checks[0m and container [32mstep-working-dir-initializer-6cpfr[0m
{"level":"warn","ts":1584091492.7083771,"logger":"fallback-logger","caller":"logging/config.go:69","msg":"Fetch GitHub commit ID from kodata failed: open /var/run/ko/HEAD: no such file or directory"}
{"level":"info","ts":1584091492.7156723,"logger":"fallback-logger","caller":"bash/main.go:64","msg":"Successfully executed command \"sh -c mkdir -p /workspace/source\"; output "}

Showing logs for build [32mjstrachan-environment-bucketrep-n6t97-1[0m stage [32mpr-checks[0m and container [32mstep-place-tools[0m

Showing logs for build [32mjstrachan-environment-bucketrep-n6t97-1[0m stage [32mpr-checks[0m and container [32mstep-git-source-jstrachan-environment-bucketrep-n6t97-nxdrg[0m
{"level":"warn","ts":1584091497.743623,"logger":"fallback-logger","caller":"logging/config.go:69","msg":"Fetch GitHub commit ID from kodata failed: \"ref: refs/heads/0.8.0-**-support-backwards-incompats\" is not a valid GitHub commit ID"}
{"level":"info","ts":1584091498.82498,"logger":"fallback-logger","caller":"git/git.go:103","msg":"Successfully cloned https://github.com/*********/environment-bucketrepo-staging.git @ master in path /workspace/source"}

Showing logs for build [32mjstrachan-environment-bucketrep-n6t97-1[0m stage [32mpr-checks[0m and container [32mstep-git-merge[0m
Using SHAs from PULL_REFS=master:a37591ce091c0ae622a1733e42279151fb7d8dd7,8:f11421d42a3431b6f63cda18d45d2a181e362851
DEBUG: JX_LOG_LEVEL=error LC_ALL=C git fetch origin --unshallow f11421d42a3431b6f63cda18d45d2a181e362851: a37591ce091c0ae622a1733e42279151fb7d8dd7:
DEBUG: ran git fetch --unshallow origin f11421d42a3431b6f63cda18d45d2a181e362851: a37591ce091c0ae622a1733e42279151fb7d8dd7: in 
DEBUG: LC_ALL=C JX_LOG_LEVEL=error git branch
DEBUG: LC_ALL=C JX_LOG_LEVEL=error git checkout master
DEBUG: ran git checkout master in 
DEBUG: LC_ALL=C JX_LOG_LEVEL=error git reset --hard a37591ce091c0ae622a1733e42279151fb7d8dd7
DEBUG: ran git reset --hard a37591ce091c0ae622a1733e42279151fb7d8dd7 in 
DEBUG: LC_ALL=C JX_LOG_LEVEL=error git clean -fd .
DEBUG: ran clean --force -d . in 
DEBUG: LC_ALL=C JX_LOG_LEVEL=error git merge f11421d42a3431b6f63cda18d45d2a181e362851
DEBUG: ran git merge f11421d42a3431b6f63cda18d45d2a181e362851 in 
DEBUG: LC_ALL=C JX_LOG_LEVEL=error git log --format=%H%x1f%an%x1f%ae%x1f%cn%x1f%ce%x1f%s%n%b%x1e a37591ce091c0ae622a1733e42279151fb7d8dd7..HEAD
Merged SHA f11421d42a3431b6f63cda18d45d2a181e362851 with commit message 'chore: Promote nodey431 to version 0.0.11' into base branch master

Showing logs for build [32mjstrachan-environment-bucketrep-n6t97-1[0m stage [32mpr-checks[0m and container [32mstep-create-helmfile[0m

Showing logs for build [32mjstrachan-environment-bucketrep-n6t97-1[0m stage [32mpr-checks[0m and container [32mstep-lint-helmfile-system[0m
Adding repo dev http://bucketrepo/bucketrepo/charts/
"dev" has been added to your repositories

Adding repo jenkins-x https://storage.googleapis.com/chartmuseum.jenkins-x.io
"jenkins-x" has been added to your repositories

Updating repo
Hang tight while we grab the latest from your chart repositories...
...Successfully got an update from the "dev" chart repository
...Successfully got an update from the "jenkins-x" chart repository
Update Complete. âˆ Happy Helming!âˆ 

Fetching jenkins-x/empty
Linting release=empty, chart=/tmp/866260096/empty/latest/jenkins-x/empty/empty
==> Linting /tmp/866260096/empty/latest/jenkins-x/empty/empty

1 chart(s) linted, 0 chart(s) failed


Showing logs for build [32mjstrachan-environment-bucketrep-n6t97-1[0m stage [32mpr-checks[0m and container [32mstep-lint-helmfile-apps[0m
Adding repo dev http://bucketrepo/bucketrepo/charts/
"dev" has been added to your repositories

Adding repo jenkins-x http://chartmuseum.jenkins-x.io
"jenkins-x" has been added to your repositories

Updating repo
Hang tight while we grab the latest from your chart repositories...
...Successfully got an update from the "dev" chart repository
...Successfully got an update from the "jenkins-x" chart repository
Update Complete. âˆ Happy Helming!âˆ 

Fetching dev/nodey431
Linting release=nodey431, chart=/tmp/687789981/nodey431/0.0.11/dev/nodey431/nodey431
==> Linting /tmp/687789981/nodey431/0.0.11/dev/nodey431/nodey431

1 chart(s) linted, 0 chart(s) failed

