
Showing logs for build [32mjstrachan-environment-bucketrep-nwbwn-1[0m stage [32mpr-checks[0m and container [32mstep-credential-initializer-vst8f[0m
{"level":"warn","ts":1585036337.8543253,"logger":"fallback-logger","caller":"logging/config.go:69","msg":"Fetch GitHub commit ID from kodata failed: \"ref: refs/heads/0.8.0-**-support-backwards-incompats\" is not a valid GitHub commit ID"}
{"level":"info","ts":1585036337.854841,"logger":"fallback-logger","caller":"creds-init/main.go:40","msg":"Credentials initialized."}

Showing logs for build [32mjstrachan-environment-bucketrep-nwbwn-1[0m stage [32mpr-checks[0m and container [32mstep-working-dir-initializer-lfkc2[0m
{"level":"warn","ts":1585036338.8740194,"logger":"fallback-logger","caller":"logging/config.go:69","msg":"Fetch GitHub commit ID from kodata failed: open /var/run/ko/HEAD: no such file or directory"}
{"level":"info","ts":1585036338.8781557,"logger":"fallback-logger","caller":"bash/main.go:64","msg":"Successfully executed command \"sh -c mkdir -p /workspace/source\"; output "}

Showing logs for build [32mjstrachan-environment-bucketrep-nwbwn-1[0m stage [32mpr-checks[0m and container [32mstep-place-tools[0m

Showing logs for build [32mjstrachan-environment-bucketrep-nwbwn-1[0m stage [32mpr-checks[0m and container [32mstep-git-source-jstrachan-environment-bucketrep-nwbwn-5b4bp[0m
{"level":"warn","ts":1585036345.060116,"logger":"fallback-logger","caller":"logging/config.go:69","msg":"Fetch GitHub commit ID from kodata failed: \"ref: refs/heads/0.8.0-**-support-backwards-incompats\" is not a valid GitHub commit ID"}
{"level":"info","ts":1585036346.1655738,"logger":"fallback-logger","caller":"git/git.go:103","msg":"Successfully cloned https://github.com/*********/environment-bucketrepo-staging.git @ master in path /workspace/source"}

Showing logs for build [32mjstrachan-environment-bucketrep-nwbwn-1[0m stage [32mpr-checks[0m and container [32mstep-git-merge[0m
Using SHAs from PULL_REFS=master:9cf21734dad6f2c1d3f07b3e73f5152856c1707c,44:8aa1bb2282f469dc6fb59812e4f901631c8ba8e4
DEBUG: LC_ALL=C JX_LOG_LEVEL=error git fetch origin --unshallow 8aa1bb2282f469dc6fb59812e4f901631c8ba8e4: 9cf21734dad6f2c1d3f07b3e73f5152856c1707c:
DEBUG: ran git fetch --unshallow origin 8aa1bb2282f469dc6fb59812e4f901631c8ba8e4: 9cf21734dad6f2c1d3f07b3e73f5152856c1707c: in 
DEBUG: LC_ALL=C JX_LOG_LEVEL=error git branch
DEBUG: LC_ALL=C JX_LOG_LEVEL=error git checkout master
DEBUG: ran git checkout master in 
DEBUG: LC_ALL=C JX_LOG_LEVEL=error git reset --hard 9cf21734dad6f2c1d3f07b3e73f5152856c1707c
DEBUG: ran git reset --hard 9cf21734dad6f2c1d3f07b3e73f5152856c1707c in 
DEBUG: LC_ALL=C JX_LOG_LEVEL=error git clean -fd .
DEBUG: ran clean --force -d . in 
DEBUG: LC_ALL=C JX_LOG_LEVEL=error git merge 8aa1bb2282f469dc6fb59812e4f901631c8ba8e4
DEBUG: ran git merge 8aa1bb2282f469dc6fb59812e4f901631c8ba8e4 in 
DEBUG: LC_ALL=C JX_LOG_LEVEL=error git log --format=%H%x1f%an%x1f%ae%x1f%cn%x1f%ce%x1f%s%n%b%x1e 9cf21734dad6f2c1d3f07b3e73f5152856c1707c..HEAD
Merged SHA 8aa1bb2282f469dc6fb59812e4f901631c8ba8e4 with commit message 'chore: Promote nodey435 to version 1.0.0' into base branch master

Showing logs for build [32mjstrachan-environment-bucketrep-nwbwn-1[0m stage [32mpr-checks[0m and container [32mstep-create-helmfile[0m
Cloning the Jenkins X versions repo https://github.com/jenkins-x-labs/jenkins-x-versions.git with ref refs/heads/master to /builder/home/.**/jenkins-x-versions

Showing logs for build [32mjstrachan-environment-bucketrep-nwbwn-1[0m stage [32mpr-checks[0m and container [32mstep-lint-helmfile-system[0m
Adding repo dev http://bucketrepo/bucketrepo/charts/
"dev" has been added to your repositories

Adding repo jenkins-x https://storage.googleapis.com/chartmuseum.jenkins-x.io
"jenkins-x" has been added to your repositories

Updating repo
Hang tight while we grab the latest from your chart repositories...
...Successfully got an update from the "dev" chart repository
...Successfully got an update from the "jenkins-x" chart repository
Update Complete. âˆ Happy Helming!âˆ 

Fetching jenkins-x/empty
Linting release=empty, chart=/tmp/021450765/empty/latest/jenkins-x/empty/empty
==> Linting /tmp/021450765/empty/latest/jenkins-x/empty/empty

1 chart(s) linted, 0 chart(s) failed


Showing logs for build [32mjstrachan-environment-bucketrep-nwbwn-1[0m stage [32mpr-checks[0m and container [32mstep-lint-helmfile-apps[0m
Adding repo dev http://bucketrepo/bucketrepo/charts/
"dev" has been added to your repositories

Adding repo jenkins-x http://chartmuseum.jenkins-x.io
"jenkins-x" has been added to your repositories

Updating repo
Hang tight while we grab the latest from your chart repositories...
...Successfully got an update from the "dev" chart repository
...Successfully got an update from the "jenkins-x" chart repository
Update Complete. âˆ Happy Helming!âˆ 

Fetching dev/godemo40
Fetching dev/nodey435
Linting release=godemo40, chart=/tmp/000960794/godemo40/0.0.10/dev/godemo40/godemo40
==> Linting /tmp/000960794/godemo40/0.0.10/dev/godemo40/godemo40

1 chart(s) linted, 0 chart(s) failed

Linting release=nodey435, chart=/tmp/000960794/nodey435/1.0.0/dev/nodey435/nodey435
==> Linting /tmp/000960794/nodey435/1.0.0/dev/nodey435/nodey435

1 chart(s) linted, 0 chart(s) failed

