
Showing logs for build [32mjstrachan-environment-bucketrep-fqgdg-1[0m stage [32mpr-checks[0m and container [32mstep-credential-initializer-r2q6t[0m
{"level":"warn","ts":1584645213.4539704,"logger":"fallback-logger","caller":"logging/config.go:69","msg":"Fetch GitHub commit ID from kodata failed: \"ref: refs/heads/0.8.0-**-support-backwards-incompats\" is not a valid GitHub commit ID"}
{"level":"info","ts":1584645213.4545753,"logger":"fallback-logger","caller":"creds-init/main.go:40","msg":"Credentials initialized."}

Showing logs for build [32mjstrachan-environment-bucketrep-fqgdg-1[0m stage [32mpr-checks[0m and container [32mstep-working-dir-initializer-g7g96[0m
{"level":"warn","ts":1584645214.0720549,"logger":"fallback-logger","caller":"logging/config.go:69","msg":"Fetch GitHub commit ID from kodata failed: open /var/run/ko/HEAD: no such file or directory"}
{"level":"info","ts":1584645214.0731597,"logger":"fallback-logger","caller":"bash/main.go:64","msg":"Successfully executed command \"sh -c mkdir -p /workspace/source\"; output "}

Showing logs for build [32mjstrachan-environment-bucketrep-fqgdg-1[0m stage [32mpr-checks[0m and container [32mstep-place-tools[0m

Showing logs for build [32mjstrachan-environment-bucketrep-fqgdg-1[0m stage [32mpr-checks[0m and container [32mstep-git-source-jstrachan-environment-bucketrep-fqgdg-vj7qb[0m
{"level":"warn","ts":1584645220.1660216,"logger":"fallback-logger","caller":"logging/config.go:69","msg":"Fetch GitHub commit ID from kodata failed: \"ref: refs/heads/0.8.0-**-support-backwards-incompats\" is not a valid GitHub commit ID"}
{"level":"info","ts":1584645221.277295,"logger":"fallback-logger","caller":"git/git.go:103","msg":"Successfully cloned https://github.com/*********/environment-bucketrepo-staging.git @ master in path /workspace/source"}

Showing logs for build [32mjstrachan-environment-bucketrep-fqgdg-1[0m stage [32mpr-checks[0m and container [32mstep-git-merge[0m
Using SHAs from PULL_REFS=master:24679ae2aa4912bc746a4d152a04fc6ee0992669,26:23c0fd546da23c15a1e5e2dc6b2bb02134f415cf
DEBUG: LC_ALL=C JX_LOG_LEVEL=error git fetch origin --unshallow 23c0fd546da23c15a1e5e2dc6b2bb02134f415cf: 24679ae2aa4912bc746a4d152a04fc6ee0992669:
DEBUG: ran git fetch --unshallow origin 23c0fd546da23c15a1e5e2dc6b2bb02134f415cf: 24679ae2aa4912bc746a4d152a04fc6ee0992669: in 
DEBUG: LC_ALL=C JX_LOG_LEVEL=error git branch
DEBUG: LC_ALL=C JX_LOG_LEVEL=error git checkout master
DEBUG: ran git checkout master in 
DEBUG: LC_ALL=C JX_LOG_LEVEL=error git reset --hard 24679ae2aa4912bc746a4d152a04fc6ee0992669
DEBUG: ran git reset --hard 24679ae2aa4912bc746a4d152a04fc6ee0992669 in 
DEBUG: LC_ALL=C JX_LOG_LEVEL=error git clean -fd .
DEBUG: ran clean --force -d . in 
DEBUG: LC_ALL=C JX_LOG_LEVEL=error git merge 23c0fd546da23c15a1e5e2dc6b2bb02134f415cf
DEBUG: ran git merge 23c0fd546da23c15a1e5e2dc6b2bb02134f415cf in 
DEBUG: LC_ALL=C JX_LOG_LEVEL=error git log --format=%H%x1f%an%x1f%ae%x1f%cn%x1f%ce%x1f%s%n%b%x1e 24679ae2aa4912bc746a4d152a04fc6ee0992669..HEAD
Merged SHA 23c0fd546da23c15a1e5e2dc6b2bb02134f415cf with commit message 'chore: Promote godemo30 to version 0.0.9' into base branch master

Showing logs for build [32mjstrachan-environment-bucketrep-fqgdg-1[0m stage [32mpr-checks[0m and container [32mstep-create-helmfile[0m

Showing logs for build [32mjstrachan-environment-bucketrep-fqgdg-1[0m stage [32mpr-checks[0m and container [32mstep-lint-helmfile-system[0m
Adding repo dev http://bucketrepo/bucketrepo/charts/
"dev" has been added to your repositories

Adding repo jenkins-x https://storage.googleapis.com/chartmuseum.jenkins-x.io
"jenkins-x" has been added to your repositories

Updating repo
Hang tight while we grab the latest from your chart repositories...
...Successfully got an update from the "dev" chart repository
...Successfully got an update from the "jenkins-x" chart repository
Update Complete. ⎈ Happy Helming!⎈ 

Fetching jenkins-x/empty
Linting release=empty, chart=/tmp/238850947/empty/latest/jenkins-x/empty/empty
==> Linting /tmp/238850947/empty/latest/jenkins-x/empty/empty

1 chart(s) linted, 0 chart(s) failed


Showing logs for build [32mjstrachan-environment-bucketrep-fqgdg-1[0m stage [32mpr-checks[0m and container [32mstep-lint-helmfile-apps[0m
Adding repo dev http://bucketrepo/bucketrepo/charts/
"dev" has been added to your repositories

Adding repo jenkins-x http://chartmuseum.jenkins-x.io
"jenkins-x" has been added to your repositories

Updating repo
Hang tight while we grab the latest from your chart repositories...
...Successfully got an update from the "dev" chart repository
...Successfully got an update from the "jenkins-x" chart repository
Update Complete. ⎈ Happy Helming!⎈ 

Fetching dev/godemo30
Linting release=godemo30, chart=/tmp/855023565/godemo30/0.0.9/dev/godemo30/godemo30
==> Linting /tmp/855023565/godemo30/0.0.9/dev/godemo30/godemo30

1 chart(s) linted, 0 chart(s) failed

