
Showing logs for build [32mjstrachan-environment-bucketrep-dvrhb-1[0m stage [32mpr-checks[0m and container [32mstep-credential-initializer-qh52l[0m
{"level":"warn","ts":1584475409.479458,"logger":"fallback-logger","caller":"logging/config.go:69","msg":"Fetch GitHub commit ID from kodata failed: \"ref: refs/heads/0.8.0-**-support-backwards-incompats\" is not a valid GitHub commit ID"}
{"level":"info","ts":1584475409.4804275,"logger":"fallback-logger","caller":"creds-init/main.go:40","msg":"Credentials initialized."}

Showing logs for build [32mjstrachan-environment-bucketrep-dvrhb-1[0m stage [32mpr-checks[0m and container [32mstep-working-dir-initializer-dqll8[0m
{"level":"warn","ts":1584475410.5062952,"logger":"fallback-logger","caller":"logging/config.go:69","msg":"Fetch GitHub commit ID from kodata failed: open /var/run/ko/HEAD: no such file or directory"}
{"level":"info","ts":1584475410.5076904,"logger":"fallback-logger","caller":"bash/main.go:64","msg":"Successfully executed command \"sh -c mkdir -p /workspace/source\"; output "}

Showing logs for build [32mjstrachan-environment-bucketrep-dvrhb-1[0m stage [32mpr-checks[0m and container [32mstep-place-tools[0m

Showing logs for build [32mjstrachan-environment-bucketrep-dvrhb-1[0m stage [32mpr-checks[0m and container [32mstep-git-source-jstrachan-environment-bucketrep-dvrhb-97twx[0m
{"level":"warn","ts":1584475416.6855786,"logger":"fallback-logger","caller":"logging/config.go:69","msg":"Fetch GitHub commit ID from kodata failed: \"ref: refs/heads/0.8.0-**-support-backwards-incompats\" is not a valid GitHub commit ID"}
{"level":"info","ts":1584475417.733785,"logger":"fallback-logger","caller":"git/git.go:103","msg":"Successfully cloned https://github.com/*********/environment-bucketrepo-staging.git @ master in path /workspace/source"}

Showing logs for build [32mjstrachan-environment-bucketrep-dvrhb-1[0m stage [32mpr-checks[0m and container [32mstep-git-merge[0m
Using SHAs from PULL_REFS=master:60911616ca732d405de3f55c70d0d9d76b944870,17:352bcc5e1b842653969e14f6a821774bba2af06c
DEBUG: LC_ALL=C JX_LOG_LEVEL=error git fetch origin --unshallow 352bcc5e1b842653969e14f6a821774bba2af06c: 60911616ca732d405de3f55c70d0d9d76b944870:
DEBUG: ran git fetch --unshallow origin 352bcc5e1b842653969e14f6a821774bba2af06c: 60911616ca732d405de3f55c70d0d9d76b944870: in 
DEBUG: LC_ALL=C JX_LOG_LEVEL=error git branch
DEBUG: LC_ALL=C JX_LOG_LEVEL=error git checkout master
DEBUG: ran git checkout master in 
DEBUG: LC_ALL=C JX_LOG_LEVEL=error git reset --hard 60911616ca732d405de3f55c70d0d9d76b944870
DEBUG: ran git reset --hard 60911616ca732d405de3f55c70d0d9d76b944870 in 
DEBUG: LC_ALL=C JX_LOG_LEVEL=error git clean -fd .
DEBUG: ran clean --force -d . in 
DEBUG: LC_ALL=C JX_LOG_LEVEL=error git merge 352bcc5e1b842653969e14f6a821774bba2af06c
DEBUG: ran git merge 352bcc5e1b842653969e14f6a821774bba2af06c in 
DEBUG: LC_ALL=C JX_LOG_LEVEL=error git log --format=%H%x1f%an%x1f%ae%x1f%cn%x1f%ce%x1f%s%n%b%x1e 60911616ca732d405de3f55c70d0d9d76b944870..HEAD
Merged SHA 352bcc5e1b842653969e14f6a821774bba2af06c with commit message 'chore: Promote nodey434 to version 0.0.8' into base branch master

Showing logs for build [32mjstrachan-environment-bucketrep-dvrhb-1[0m stage [32mpr-checks[0m and container [32mstep-create-helmfile[0m

Showing logs for build [32mjstrachan-environment-bucketrep-dvrhb-1[0m stage [32mpr-checks[0m and container [32mstep-lint-helmfile-system[0m
Adding repo dev http://bucketrepo/bucketrepo/charts/
"dev" has been added to your repositories

Adding repo jenkins-x https://storage.googleapis.com/chartmuseum.jenkins-x.io
"jenkins-x" has been added to your repositories

Updating repo
Hang tight while we grab the latest from your chart repositories...
...Successfully got an update from the "dev" chart repository
...Successfully got an update from the "jenkins-x" chart repository
Update Complete. âˆ Happy Helming!âˆ 

Fetching jenkins-x/empty
Linting release=empty, chart=/tmp/506043589/empty/latest/jenkins-x/empty/empty
==> Linting /tmp/506043589/empty/latest/jenkins-x/empty/empty

1 chart(s) linted, 0 chart(s) failed


Showing logs for build [32mjstrachan-environment-bucketrep-dvrhb-1[0m stage [32mpr-checks[0m and container [32mstep-lint-helmfile-apps[0m
Adding repo dev http://bucketrepo/bucketrepo/charts/
"dev" has been added to your repositories

Adding repo jenkins-x http://chartmuseum.jenkins-x.io
"jenkins-x" has been added to your repositories

Updating repo
Hang tight while we grab the latest from your chart repositories...
...Successfully got an update from the "dev" chart repository
...Successfully got an update from the "jenkins-x" chart repository
Update Complete. âˆ Happy Helming!âˆ 

Fetching dev/nodey434
Linting release=nodey434, chart=/tmp/937018964/nodey434/0.0.8/dev/nodey434/nodey434
==> Linting /tmp/937018964/nodey434/0.0.8/dev/nodey434/nodey434

1 chart(s) linted, 0 chart(s) failed

