
Showing logs for build [32mjstrachan-environment-bucketrep-hhtld-1[0m stage [32mpr-checks[0m and container [32mstep-credential-initializer-m54tl[0m
{"level":"warn","ts":1584029846.7816074,"logger":"fallback-logger","caller":"logging/config.go:69","msg":"Fetch GitHub commit ID from kodata failed: \"ref: refs/heads/0.8.0-**-support-backwards-incompats\" is not a valid GitHub commit ID"}
{"level":"info","ts":1584029846.782368,"logger":"fallback-logger","caller":"creds-init/main.go:40","msg":"Credentials initialized."}

Showing logs for build [32mjstrachan-environment-bucketrep-hhtld-1[0m stage [32mpr-checks[0m and container [32mstep-working-dir-initializer-mdgbs[0m
{"level":"warn","ts":1584029847.1499376,"logger":"fallback-logger","caller":"logging/config.go:69","msg":"Fetch GitHub commit ID from kodata failed: open /var/run/ko/HEAD: no such file or directory"}
{"level":"info","ts":1584029847.1510623,"logger":"fallback-logger","caller":"bash/main.go:64","msg":"Successfully executed command \"sh -c mkdir -p /workspace/source\"; output "}

Showing logs for build [32mjstrachan-environment-bucketrep-hhtld-1[0m stage [32mpr-checks[0m and container [32mstep-place-tools[0m

Showing logs for build [32mjstrachan-environment-bucketrep-hhtld-1[0m stage [32mpr-checks[0m and container [32mstep-git-source-jstrachan-environment-bucketrep-hhtld-tpbj4[0m
{"level":"warn","ts":1584029853.2134402,"logger":"fallback-logger","caller":"logging/config.go:69","msg":"Fetch GitHub commit ID from kodata failed: \"ref: refs/heads/0.8.0-**-support-backwards-incompats\" is not a valid GitHub commit ID"}
{"level":"info","ts":1584029854.5707579,"logger":"fallback-logger","caller":"git/git.go:103","msg":"Successfully cloned https://github.com/*********/environment-bucketrepo-staging.git @ master in path /workspace/source"}

Showing logs for build [32mjstrachan-environment-bucketrep-hhtld-1[0m stage [32mpr-checks[0m and container [32mstep-git-merge[0m
Using SHAs from PULL_REFS=master:dcf9afd6bcc3ec7596c9b16340f1ea66cd6be599,2:0db24d9915608362b876b58d6c38135bc89537c6
DEBUG: LC_ALL=C JX_LOG_LEVEL=error git fetch origin --unshallow 0db24d9915608362b876b58d6c38135bc89537c6: dcf9afd6bcc3ec7596c9b16340f1ea66cd6be599:
DEBUG: ran git fetch --unshallow origin 0db24d9915608362b876b58d6c38135bc89537c6: dcf9afd6bcc3ec7596c9b16340f1ea66cd6be599: in 
DEBUG: LC_ALL=C JX_LOG_LEVEL=error git branch
DEBUG: LC_ALL=C JX_LOG_LEVEL=error git checkout master
DEBUG: ran git checkout master in 
DEBUG: LC_ALL=C JX_LOG_LEVEL=error git reset --hard dcf9afd6bcc3ec7596c9b16340f1ea66cd6be599
DEBUG: ran git reset --hard dcf9afd6bcc3ec7596c9b16340f1ea66cd6be599 in 
DEBUG: LC_ALL=C JX_LOG_LEVEL=error git clean -fd .
DEBUG: ran clean --force -d . in 
DEBUG: LC_ALL=C JX_LOG_LEVEL=error git merge 0db24d9915608362b876b58d6c38135bc89537c6
DEBUG: ran git merge 0db24d9915608362b876b58d6c38135bc89537c6 in 
DEBUG: LC_ALL=C JX_LOG_LEVEL=error git log --format=%H%x1f%an%x1f%ae%x1f%cn%x1f%ce%x1f%s%n%b%x1e dcf9afd6bcc3ec7596c9b16340f1ea66cd6be599..HEAD
Merged SHA 0db24d9915608362b876b58d6c38135bc89537c6 with commit message 'chore: Promote nodey431 to version 0.0.5' into base branch master

Showing logs for build [32mjstrachan-environment-bucketrep-hhtld-1[0m stage [32mpr-checks[0m and container [32mstep-create-helmfile[0m

Showing logs for build [32mjstrachan-environment-bucketrep-hhtld-1[0m stage [32mpr-checks[0m and container [32mstep-lint-helmfile-system[0m
Adding repo jenkins-x https://storage.googleapis.com/chartmuseum.jenkins-x.io
"jenkins-x" has been added to your repositories

Adding repo zloeber git+https://github.com/rawlingsj/helm-namespace@chart
"zloeber" has been added to your repositories

Updating repo
Hang tight while we grab the latest from your chart repositories...
...Successfully got an update from the "zloeber" chart repository
...Successfully got an update from the "jenkins-x" chart repository
Update Complete. ⎈ Happy Helming!⎈ 

Fetching jenkins-x/empty
Fetching zloeber/namespace
Linting release=empty, chart=/tmp/256314759/empty/latest/jenkins-x/empty/empty
==> Linting /tmp/256314759/empty/latest/jenkins-x/empty/empty

1 chart(s) linted, 0 chart(s) failed

Linting release=namespace-**-staging, chart=/tmp/256314759/namespace-**-staging/latest/zloeber/namespace/namespace
==> Linting /tmp/256314759/namespace-**-staging/latest/zloeber/namespace/namespace
[INFO] Chart.yaml: icon is recommended

1 chart(s) linted, 0 chart(s) failed


Showing logs for build [32mjstrachan-environment-bucketrep-hhtld-1[0m stage [32mpr-checks[0m and container [32mstep-lint-helmfile-apps[0m
Adding repo jenkins-x https://storage.googleapis.com/chartmuseum.jenkins-x.io
"jenkins-x" has been added to your repositories

Adding repo zloeber git+https://github.com/rawlingsj/helm-namespace@chart
"zloeber" has been added to your repositories

Updating repo
Hang tight while we grab the latest from your chart repositories...
...Successfully got an update from the "zloeber" chart repository
...Successfully got an update from the "jenkins-x" chart repository
Update Complete. ⎈ Happy Helming!⎈ 

Fetching jenkins-x/nodey431
Fetching zloeber/namespace
in ./helmfile.yaml: 2 errors:
err 0: helm exited with status 1:
  Error: chart "nodey431" matching 0.0.5 not found in jenkins-x index. (try 'helm repo update'): no chart name found
[31m
Pipeline failed on stage 'pr-checks' : container 'step-lint-helmfile-apps'. The execution of the pipeline has stopped.[0m
