
Showing logs for build [32mjstrachan-environment-bucketrep-2n6dj-1[0m stage [32mpr-checks[0m and container [32mstep-credential-initializer-zpmdd[0m
{"level":"warn","ts":1584728278.639342,"logger":"fallback-logger","caller":"logging/config.go:69","msg":"Fetch GitHub commit ID from kodata failed: \"ref: refs/heads/0.8.0-**-support-backwards-incompats\" is not a valid GitHub commit ID"}
{"level":"info","ts":1584728278.6401863,"logger":"fallback-logger","caller":"creds-init/main.go:40","msg":"Credentials initialized."}

Showing logs for build [32mjstrachan-environment-bucketrep-2n6dj-1[0m stage [32mpr-checks[0m and container [32mstep-working-dir-initializer-7fkvj[0m
{"level":"warn","ts":1584728279.154019,"logger":"fallback-logger","caller":"logging/config.go:69","msg":"Fetch GitHub commit ID from kodata failed: open /var/run/ko/HEAD: no such file or directory"}
{"level":"info","ts":1584728279.1558697,"logger":"fallback-logger","caller":"bash/main.go:64","msg":"Successfully executed command \"sh -c mkdir -p /workspace/source\"; output "}

Showing logs for build [32mjstrachan-environment-bucketrep-2n6dj-1[0m stage [32mpr-checks[0m and container [32mstep-place-tools[0m

Showing logs for build [32mjstrachan-environment-bucketrep-2n6dj-1[0m stage [32mpr-checks[0m and container [32mstep-git-source-jstrachan-environment-bucketrep-2n6dj-mwjhw[0m
{"level":"warn","ts":1584728285.2767072,"logger":"fallback-logger","caller":"logging/config.go:69","msg":"Fetch GitHub commit ID from kodata failed: \"ref: refs/heads/0.8.0-**-support-backwards-incompats\" is not a valid GitHub commit ID"}
{"level":"info","ts":1584728286.3917527,"logger":"fallback-logger","caller":"git/git.go:103","msg":"Successfully cloned https://github.com/*********/environment-bucketrepo-staging.git @ master in path /workspace/source"}

Showing logs for build [32mjstrachan-environment-bucketrep-2n6dj-1[0m stage [32mpr-checks[0m and container [32mstep-git-merge[0m
Using SHAs from PULL_REFS=master:44fac7fcdc3ad2623ebcb2149538d8b2195d4e8a,40:2304e69ce4043ad3331dd5124774cb6d2a2a6e31
DEBUG: LC_ALL=C JX_LOG_LEVEL=error git fetch origin --unshallow 2304e69ce4043ad3331dd5124774cb6d2a2a6e31: 44fac7fcdc3ad2623ebcb2149538d8b2195d4e8a:
DEBUG: ran git fetch --unshallow origin 2304e69ce4043ad3331dd5124774cb6d2a2a6e31: 44fac7fcdc3ad2623ebcb2149538d8b2195d4e8a: in 
DEBUG: JX_LOG_LEVEL=error LC_ALL=C git branch
DEBUG: JX_LOG_LEVEL=error LC_ALL=C git checkout master
DEBUG: ran git checkout master in 
DEBUG: LC_ALL=C JX_LOG_LEVEL=error git reset --hard 44fac7fcdc3ad2623ebcb2149538d8b2195d4e8a
DEBUG: ran git reset --hard 44fac7fcdc3ad2623ebcb2149538d8b2195d4e8a in 
DEBUG: LC_ALL=C JX_LOG_LEVEL=error git clean -fd .
DEBUG: ran clean --force -d . in 
DEBUG: LC_ALL=C JX_LOG_LEVEL=error git merge 2304e69ce4043ad3331dd5124774cb6d2a2a6e31
DEBUG: ran git merge 2304e69ce4043ad3331dd5124774cb6d2a2a6e31 in 
DEBUG: LC_ALL=C JX_LOG_LEVEL=error git log --format=%H%x1f%an%x1f%ae%x1f%cn%x1f%ce%x1f%s%n%b%x1e 44fac7fcdc3ad2623ebcb2149538d8b2195d4e8a..HEAD
Merged SHA 2304e69ce4043ad3331dd5124774cb6d2a2a6e31 with commit message 'chore: Promote godemo40 to version 0.0.8' into base branch master

Showing logs for build [32mjstrachan-environment-bucketrep-2n6dj-1[0m stage [32mpr-checks[0m and container [32mstep-create-helmfile[0m

Showing logs for build [32mjstrachan-environment-bucketrep-2n6dj-1[0m stage [32mpr-checks[0m and container [32mstep-lint-helmfile-system[0m
Adding repo dev http://bucketrepo/bucketrepo/charts/
"dev" has been added to your repositories

Adding repo jenkins-x https://storage.googleapis.com/chartmuseum.jenkins-x.io
"jenkins-x" has been added to your repositories

Updating repo
Hang tight while we grab the latest from your chart repositories...
...Successfully got an update from the "dev" chart repository
...Successfully got an update from the "jenkins-x" chart repository
Update Complete. ⎈ Happy Helming!⎈ 

Fetching jenkins-x/empty
Linting release=empty, chart=/tmp/340623104/empty/latest/jenkins-x/empty/empty
==> Linting /tmp/340623104/empty/latest/jenkins-x/empty/empty

1 chart(s) linted, 0 chart(s) failed


Showing logs for build [32mjstrachan-environment-bucketrep-2n6dj-1[0m stage [32mpr-checks[0m and container [32mstep-lint-helmfile-apps[0m
Adding repo dev http://bucketrepo/bucketrepo/charts/
"dev" has been added to your repositories

Adding repo jenkins-x http://chartmuseum.jenkins-x.io
"jenkins-x" has been added to your repositories

Updating repo
Hang tight while we grab the latest from your chart repositories...
...Successfully got an update from the "dev" chart repository
...Successfully got an update from the "jenkins-x" chart repository
Update Complete. ⎈ Happy Helming!⎈ 

Fetching dev/godemo40
Linting release=godemo40, chart=/tmp/177148928/godemo40/0.0.8/dev/godemo40/godemo40
==> Linting /tmp/177148928/godemo40/0.0.8/dev/godemo40/godemo40

1 chart(s) linted, 0 chart(s) failed

