
Showing logs for build [32mjstrachan-environment-bucketrep-6lkhk-1[0m stage [32mpr-checks[0m and container [32mstep-credential-initializer-rwqcz[0m
{"level":"warn","ts":1584722238.670098,"logger":"fallback-logger","caller":"logging/config.go:69","msg":"Fetch GitHub commit ID from kodata failed: \"ref: refs/heads/0.8.0-**-support-backwards-incompats\" is not a valid GitHub commit ID"}
{"level":"info","ts":1584722238.6709652,"logger":"fallback-logger","caller":"creds-init/main.go:40","msg":"Credentials initialized."}

Showing logs for build [32mjstrachan-environment-bucketrep-6lkhk-1[0m stage [32mpr-checks[0m and container [32mstep-working-dir-initializer-c7lhw[0m
{"level":"warn","ts":1584722239.723252,"logger":"fallback-logger","caller":"logging/config.go:69","msg":"Fetch GitHub commit ID from kodata failed: open /var/run/ko/HEAD: no such file or directory"}
{"level":"info","ts":1584722239.7244618,"logger":"fallback-logger","caller":"bash/main.go:64","msg":"Successfully executed command \"sh -c mkdir -p /workspace/source\"; output "}

Showing logs for build [32mjstrachan-environment-bucketrep-6lkhk-1[0m stage [32mpr-checks[0m and container [32mstep-place-tools[0m

Showing logs for build [32mjstrachan-environment-bucketrep-6lkhk-1[0m stage [32mpr-checks[0m and container [32mstep-git-source-jstrachan-environment-bucketrep-6lkhk-mmb6b[0m
{"level":"warn","ts":1584722245.880364,"logger":"fallback-logger","caller":"logging/config.go:69","msg":"Fetch GitHub commit ID from kodata failed: \"ref: refs/heads/0.8.0-**-support-backwards-incompats\" is not a valid GitHub commit ID"}
{"level":"info","ts":1584722247.0472631,"logger":"fallback-logger","caller":"git/git.go:103","msg":"Successfully cloned https://github.com/*********/environment-bucketrepo-staging.git @ master in path /workspace/source"}

Showing logs for build [32mjstrachan-environment-bucketrep-6lkhk-1[0m stage [32mpr-checks[0m and container [32mstep-git-merge[0m
Using SHAs from PULL_REFS=master:195ce56aeb7d909fcc387eb6c08795d1667ba77c,36:2cfbc882c7de8bd6cb072e093942b107b705eba6
DEBUG: LC_ALL=C JX_LOG_LEVEL=error git fetch origin --unshallow 2cfbc882c7de8bd6cb072e093942b107b705eba6: 195ce56aeb7d909fcc387eb6c08795d1667ba77c:
DEBUG: ran git fetch --unshallow origin 2cfbc882c7de8bd6cb072e093942b107b705eba6: 195ce56aeb7d909fcc387eb6c08795d1667ba77c: in 
DEBUG: JX_LOG_LEVEL=error LC_ALL=C git branch
DEBUG: LC_ALL=C JX_LOG_LEVEL=error git checkout master
DEBUG: ran git checkout master in 
DEBUG: LC_ALL=C JX_LOG_LEVEL=error git reset --hard 195ce56aeb7d909fcc387eb6c08795d1667ba77c
DEBUG: ran git reset --hard 195ce56aeb7d909fcc387eb6c08795d1667ba77c in 
DEBUG: LC_ALL=C JX_LOG_LEVEL=error git clean -fd .
DEBUG: ran clean --force -d . in 
DEBUG: LC_ALL=C JX_LOG_LEVEL=error git merge 2cfbc882c7de8bd6cb072e093942b107b705eba6
DEBUG: ran git merge 2cfbc882c7de8bd6cb072e093942b107b705eba6 in 
DEBUG: LC_ALL=C JX_LOG_LEVEL=error git log --format=%H%x1f%an%x1f%ae%x1f%cn%x1f%ce%x1f%s%n%b%x1e 195ce56aeb7d909fcc387eb6c08795d1667ba77c..HEAD
Merged SHA 2cfbc882c7de8bd6cb072e093942b107b705eba6 with commit message 'chore: Promote godemo40 to version 0.0.4' into base branch master

Showing logs for build [32mjstrachan-environment-bucketrep-6lkhk-1[0m stage [32mpr-checks[0m and container [32mstep-create-helmfile[0m

Showing logs for build [32mjstrachan-environment-bucketrep-6lkhk-1[0m stage [32mpr-checks[0m and container [32mstep-lint-helmfile-system[0m
Adding repo dev http://bucketrepo/bucketrepo/charts/
"dev" has been added to your repositories

Adding repo jenkins-x https://storage.googleapis.com/chartmuseum.jenkins-x.io
"jenkins-x" has been added to your repositories

Updating repo
Hang tight while we grab the latest from your chart repositories...
...Successfully got an update from the "dev" chart repository
...Successfully got an update from the "jenkins-x" chart repository
Update Complete. ⎈ Happy Helming!⎈ 

Fetching jenkins-x/empty
Linting release=empty, chart=/tmp/624816639/empty/latest/jenkins-x/empty/empty
==> Linting /tmp/624816639/empty/latest/jenkins-x/empty/empty

1 chart(s) linted, 0 chart(s) failed


Showing logs for build [32mjstrachan-environment-bucketrep-6lkhk-1[0m stage [32mpr-checks[0m and container [32mstep-lint-helmfile-apps[0m
Adding repo dev http://bucketrepo/bucketrepo/charts/
"dev" has been added to your repositories

Adding repo jenkins-x http://chartmuseum.jenkins-x.io
"jenkins-x" has been added to your repositories

Updating repo
Hang tight while we grab the latest from your chart repositories...
...Successfully got an update from the "dev" chart repository
...Successfully got an update from the "jenkins-x" chart repository
Update Complete. ⎈ Happy Helming!⎈ 

Fetching dev/godemo40
Linting release=godemo40, chart=/tmp/797691191/godemo40/0.0.4/dev/godemo40/godemo40
==> Linting /tmp/797691191/godemo40/0.0.4/dev/godemo40/godemo40

1 chart(s) linted, 0 chart(s) failed

