
Showing logs for build [32mjstrachan-environment-bucketrep-7ps52-1[0m stage [32mpr-checks[0m and container [32mstep-credential-initializer-pzgm7[0m
{"level":"warn","ts":1584185763.4016905,"logger":"fallback-logger","caller":"logging/config.go:69","msg":"Fetch GitHub commit ID from kodata failed: \"ref: refs/heads/0.8.0-**-support-backwards-incompats\" is not a valid GitHub commit ID"}
{"level":"info","ts":1584185763.4022372,"logger":"fallback-logger","caller":"creds-init/main.go:40","msg":"Credentials initialized."}

Showing logs for build [32mjstrachan-environment-bucketrep-7ps52-1[0m stage [32mpr-checks[0m and container [32mstep-working-dir-initializer-mzv7p[0m
{"level":"warn","ts":1584185763.8524244,"logger":"fallback-logger","caller":"logging/config.go:69","msg":"Fetch GitHub commit ID from kodata failed: open /var/run/ko/HEAD: no such file or directory"}
{"level":"info","ts":1584185763.8535664,"logger":"fallback-logger","caller":"bash/main.go:64","msg":"Successfully executed command \"sh -c mkdir -p /workspace/source\"; output "}

Showing logs for build [32mjstrachan-environment-bucketrep-7ps52-1[0m stage [32mpr-checks[0m and container [32mstep-place-tools[0m

Showing logs for build [32mjstrachan-environment-bucketrep-7ps52-1[0m stage [32mpr-checks[0m and container [32mstep-git-source-jstrachan-environment-bucketrep-7ps52-dsjn7[0m
{"level":"warn","ts":1584185769.9742417,"logger":"fallback-logger","caller":"logging/config.go:69","msg":"Fetch GitHub commit ID from kodata failed: \"ref: refs/heads/0.8.0-**-support-backwards-incompats\" is not a valid GitHub commit ID"}
{"level":"info","ts":1584185771.0638573,"logger":"fallback-logger","caller":"git/git.go:103","msg":"Successfully cloned https://github.com/*********/environment-bucketrepo-staging.git @ master in path /workspace/source"}

Showing logs for build [32mjstrachan-environment-bucketrep-7ps52-1[0m stage [32mpr-checks[0m and container [32mstep-git-merge[0m
Using SHAs from PULL_REFS=master:b9664220ced23cf74cfd44d0eeb9d55db9cf0312,12:b051cb28fa9affbff10a244df002197b2f2fdb4a
DEBUG: JX_LOG_LEVEL=error LC_ALL=C git fetch origin --unshallow b051cb28fa9affbff10a244df002197b2f2fdb4a: b9664220ced23cf74cfd44d0eeb9d55db9cf0312:
DEBUG: ran git fetch --unshallow origin b051cb28fa9affbff10a244df002197b2f2fdb4a: b9664220ced23cf74cfd44d0eeb9d55db9cf0312: in 
DEBUG: LC_ALL=C JX_LOG_LEVEL=error git branch
DEBUG: JX_LOG_LEVEL=error LC_ALL=C git checkout master
DEBUG: ran git checkout master in 
DEBUG: LC_ALL=C JX_LOG_LEVEL=error git reset --hard b9664220ced23cf74cfd44d0eeb9d55db9cf0312
DEBUG: ran git reset --hard b9664220ced23cf74cfd44d0eeb9d55db9cf0312 in 
DEBUG: LC_ALL=C JX_LOG_LEVEL=error git clean -fd .
DEBUG: ran clean --force -d . in 
DEBUG: LC_ALL=C JX_LOG_LEVEL=error git merge b051cb28fa9affbff10a244df002197b2f2fdb4a
DEBUG: ran git merge b051cb28fa9affbff10a244df002197b2f2fdb4a in 
DEBUG: LC_ALL=C JX_LOG_LEVEL=error git log --format=%H%x1f%an%x1f%ae%x1f%cn%x1f%ce%x1f%s%n%b%x1e b9664220ced23cf74cfd44d0eeb9d55db9cf0312..HEAD
Merged SHA b051cb28fa9affbff10a244df002197b2f2fdb4a with commit message 'chore: Promote nodey434 to version 0.0.2' into base branch master

Showing logs for build [32mjstrachan-environment-bucketrep-7ps52-1[0m stage [32mpr-checks[0m and container [32mstep-create-helmfile[0m

Showing logs for build [32mjstrachan-environment-bucketrep-7ps52-1[0m stage [32mpr-checks[0m and container [32mstep-lint-helmfile-system[0m
Adding repo dev http://bucketrepo/bucketrepo/charts/
"dev" has been added to your repositories

Adding repo jenkins-x https://storage.googleapis.com/chartmuseum.jenkins-x.io
"jenkins-x" has been added to your repositories

Adding repo zloeber git+https://github.com/rawlingsj/helm-namespace@chart
"zloeber" has been added to your repositories

Updating repo
Hang tight while we grab the latest from your chart repositories...
...Successfully got an update from the "dev" chart repository
...Successfully got an update from the "zloeber" chart repository
...Successfully got an update from the "jenkins-x" chart repository
Update Complete. ⎈ Happy Helming!⎈ 

Fetching jenkins-x/empty
Fetching zloeber/namespace
Linting release=empty, chart=/tmp/300944049/empty/latest/jenkins-x/empty/empty
==> Linting /tmp/300944049/empty/latest/jenkins-x/empty/empty

1 chart(s) linted, 0 chart(s) failed

Linting release=namespace-**-staging, chart=/tmp/300944049/namespace-**-staging/latest/zloeber/namespace/namespace
==> Linting /tmp/300944049/namespace-**-staging/latest/zloeber/namespace/namespace
[INFO] Chart.yaml: icon is recommended

1 chart(s) linted, 0 chart(s) failed


Showing logs for build [32mjstrachan-environment-bucketrep-7ps52-1[0m stage [32mpr-checks[0m and container [32mstep-lint-helmfile-apps[0m
Adding repo dev http://bucketrepo/bucketrepo/charts/
"dev" has been added to your repositories

Adding repo jenkins-x http://chartmuseum.jenkins-x.io
"jenkins-x" has been added to your repositories

Adding repo zloeber git+https://github.com/rawlingsj/helm-namespace@chart
"zloeber" has been added to your repositories

Updating repo
Hang tight while we grab the latest from your chart repositories...
...Successfully got an update from the "dev" chart repository
...Successfully got an update from the "zloeber" chart repository
...Successfully got an update from the "jenkins-x" chart repository
Update Complete. ⎈ Happy Helming!⎈ 

Fetching dev/nodey434
Fetching zloeber/namespace
Linting release=nodey434, chart=/tmp/249240961/nodey434/0.0.2/dev/nodey434/nodey434
==> Linting /tmp/249240961/nodey434/0.0.2/dev/nodey434/nodey434

1 chart(s) linted, 0 chart(s) failed

Linting release=namespace-**-staging, chart=/tmp/249240961/namespace-**-staging/latest/zloeber/namespace/namespace
==> Linting /tmp/249240961/namespace-**-staging/latest/zloeber/namespace/namespace
[INFO] Chart.yaml: icon is recommended

1 chart(s) linted, 0 chart(s) failed

