
Showing logs for build [32mjstrachan-environment-bucketrep-5g9kb-1[0m stage [32mpr-checks[0m and container [32mstep-credential-initializer-9lfjn[0m
{"level":"warn","ts":1584720528.3037455,"logger":"fallback-logger","caller":"logging/config.go:69","msg":"Fetch GitHub commit ID from kodata failed: \"ref: refs/heads/0.8.0-**-support-backwards-incompats\" is not a valid GitHub commit ID"}
{"level":"info","ts":1584720528.3045392,"logger":"fallback-logger","caller":"creds-init/main.go:40","msg":"Credentials initialized."}

Showing logs for build [32mjstrachan-environment-bucketrep-5g9kb-1[0m stage [32mpr-checks[0m and container [32mstep-working-dir-initializer-qskq2[0m
{"level":"warn","ts":1584720529.7280223,"logger":"fallback-logger","caller":"logging/config.go:69","msg":"Fetch GitHub commit ID from kodata failed: open /var/run/ko/HEAD: no such file or directory"}
{"level":"info","ts":1584720529.7292757,"logger":"fallback-logger","caller":"bash/main.go:64","msg":"Successfully executed command \"sh -c mkdir -p /workspace/source\"; output "}

Showing logs for build [32mjstrachan-environment-bucketrep-5g9kb-1[0m stage [32mpr-checks[0m and container [32mstep-place-tools[0m

Showing logs for build [32mjstrachan-environment-bucketrep-5g9kb-1[0m stage [32mpr-checks[0m and container [32mstep-git-source-jstrachan-environment-bucketrep-5g9kb-5qwfn[0m
{"level":"warn","ts":1584720535.8552856,"logger":"fallback-logger","caller":"logging/config.go:69","msg":"Fetch GitHub commit ID from kodata failed: \"ref: refs/heads/0.8.0-**-support-backwards-incompats\" is not a valid GitHub commit ID"}
{"level":"info","ts":1584720536.9632525,"logger":"fallback-logger","caller":"git/git.go:103","msg":"Successfully cloned https://github.com/*********/environment-bucketrepo-staging.git @ master in path /workspace/source"}

Showing logs for build [32mjstrachan-environment-bucketrep-5g9kb-1[0m stage [32mpr-checks[0m and container [32mstep-git-merge[0m
Using SHAs from PULL_REFS=master:24b7c1aff7d655c1d3cb78331af693ae35f088af,35:3e49ced07427417ddcb2353f75e75a501dad02b3
DEBUG: LC_ALL=C JX_LOG_LEVEL=error git fetch origin --unshallow 3e49ced07427417ddcb2353f75e75a501dad02b3: 24b7c1aff7d655c1d3cb78331af693ae35f088af:
DEBUG: ran git fetch --unshallow origin 3e49ced07427417ddcb2353f75e75a501dad02b3: 24b7c1aff7d655c1d3cb78331af693ae35f088af: in 
DEBUG: LC_ALL=C JX_LOG_LEVEL=error git branch
DEBUG: LC_ALL=C JX_LOG_LEVEL=error git checkout master
DEBUG: ran git checkout master in 
DEBUG: LC_ALL=C JX_LOG_LEVEL=error git reset --hard 24b7c1aff7d655c1d3cb78331af693ae35f088af
DEBUG: ran git reset --hard 24b7c1aff7d655c1d3cb78331af693ae35f088af in 
DEBUG: LC_ALL=C JX_LOG_LEVEL=error git clean -fd .
DEBUG: ran clean --force -d . in 
DEBUG: LC_ALL=C JX_LOG_LEVEL=error git merge 3e49ced07427417ddcb2353f75e75a501dad02b3
DEBUG: ran git merge 3e49ced07427417ddcb2353f75e75a501dad02b3 in 
DEBUG: LC_ALL=C JX_LOG_LEVEL=error git log --format=%H%x1f%an%x1f%ae%x1f%cn%x1f%ce%x1f%s%n%b%x1e 24b7c1aff7d655c1d3cb78331af693ae35f088af..HEAD
Merged SHA 3e49ced07427417ddcb2353f75e75a501dad02b3 with commit message 'chore: Promote godemo40 to version 0.0.3' into base branch master

Showing logs for build [32mjstrachan-environment-bucketrep-5g9kb-1[0m stage [32mpr-checks[0m and container [32mstep-create-helmfile[0m

Showing logs for build [32mjstrachan-environment-bucketrep-5g9kb-1[0m stage [32mpr-checks[0m and container [32mstep-lint-helmfile-system[0m
Adding repo dev http://bucketrepo/bucketrepo/charts/
"dev" has been added to your repositories

Adding repo jenkins-x https://storage.googleapis.com/chartmuseum.jenkins-x.io
"jenkins-x" has been added to your repositories

Updating repo
Hang tight while we grab the latest from your chart repositories...
...Successfully got an update from the "dev" chart repository
...Successfully got an update from the "jenkins-x" chart repository
Update Complete. ⎈ Happy Helming!⎈ 

Fetching jenkins-x/empty
Linting release=empty, chart=/tmp/738233919/empty/latest/jenkins-x/empty/empty
==> Linting /tmp/738233919/empty/latest/jenkins-x/empty/empty

1 chart(s) linted, 0 chart(s) failed


Showing logs for build [32mjstrachan-environment-bucketrep-5g9kb-1[0m stage [32mpr-checks[0m and container [32mstep-lint-helmfile-apps[0m
Adding repo dev http://bucketrepo/bucketrepo/charts/
"dev" has been added to your repositories

Adding repo jenkins-x http://chartmuseum.jenkins-x.io
"jenkins-x" has been added to your repositories

Updating repo
Hang tight while we grab the latest from your chart repositories...
...Successfully got an update from the "dev" chart repository
...Successfully got an update from the "jenkins-x" chart repository
Update Complete. ⎈ Happy Helming!⎈ 

Fetching dev/godemo40
Linting release=godemo40, chart=/tmp/974313621/godemo40/0.0.3/dev/godemo40/godemo40
==> Linting /tmp/974313621/godemo40/0.0.3/dev/godemo40/godemo40

1 chart(s) linted, 0 chart(s) failed

