
Showing logs for build [32mjstrachan-environment-bucketrep-4j59s-1[0m stage [32mpr-checks[0m and container [32mstep-credential-initializer-srk7z[0m
{"level":"warn","ts":1584619664.9465172,"logger":"fallback-logger","caller":"logging/config.go:69","msg":"Fetch GitHub commit ID from kodata failed: \"ref: refs/heads/0.8.0-**-support-backwards-incompats\" is not a valid GitHub commit ID"}
{"level":"info","ts":1584619664.9468384,"logger":"fallback-logger","caller":"creds-init/main.go:40","msg":"Credentials initialized."}

Showing logs for build [32mjstrachan-environment-bucketrep-4j59s-1[0m stage [32mpr-checks[0m and container [32mstep-working-dir-initializer-vplzm[0m
{"level":"warn","ts":1584619665.868053,"logger":"fallback-logger","caller":"logging/config.go:69","msg":"Fetch GitHub commit ID from kodata failed: open /var/run/ko/HEAD: no such file or directory"}
{"level":"info","ts":1584619665.8693242,"logger":"fallback-logger","caller":"bash/main.go:64","msg":"Successfully executed command \"sh -c mkdir -p /workspace/source\"; output "}

Showing logs for build [32mjstrachan-environment-bucketrep-4j59s-1[0m stage [32mpr-checks[0m and container [32mstep-place-tools[0m

Showing logs for build [32mjstrachan-environment-bucketrep-4j59s-1[0m stage [32mpr-checks[0m and container [32mstep-git-source-jstrachan-environment-bucketrep-4j59s-zw8nx[0m
{"level":"warn","ts":1584619671.9592717,"logger":"fallback-logger","caller":"logging/config.go:69","msg":"Fetch GitHub commit ID from kodata failed: \"ref: refs/heads/0.8.0-**-support-backwards-incompats\" is not a valid GitHub commit ID"}
{"level":"info","ts":1584619673.0566986,"logger":"fallback-logger","caller":"git/git.go:103","msg":"Successfully cloned https://github.com/*********/environment-bucketrepo-staging.git @ master in path /workspace/source"}

Showing logs for build [32mjstrachan-environment-bucketrep-4j59s-1[0m stage [32mpr-checks[0m and container [32mstep-git-merge[0m
Using SHAs from PULL_REFS=master:e322ffe3afac3e6cdb06d0030841d839003aff73,23:0eaabe4635ccebf3092c0bf9ed46f54458ff4c94
DEBUG: LC_ALL=C JX_LOG_LEVEL=error git fetch origin --unshallow 0eaabe4635ccebf3092c0bf9ed46f54458ff4c94: e322ffe3afac3e6cdb06d0030841d839003aff73:
DEBUG: ran git fetch --unshallow origin 0eaabe4635ccebf3092c0bf9ed46f54458ff4c94: e322ffe3afac3e6cdb06d0030841d839003aff73: in 
DEBUG: LC_ALL=C JX_LOG_LEVEL=error git branch
DEBUG: LC_ALL=C JX_LOG_LEVEL=error git checkout master
DEBUG: ran git checkout master in 
DEBUG: LC_ALL=C JX_LOG_LEVEL=error git reset --hard e322ffe3afac3e6cdb06d0030841d839003aff73
DEBUG: ran git reset --hard e322ffe3afac3e6cdb06d0030841d839003aff73 in 
DEBUG: LC_ALL=C JX_LOG_LEVEL=error git clean -fd .
DEBUG: ran clean --force -d . in 
DEBUG: LC_ALL=C JX_LOG_LEVEL=error git merge 0eaabe4635ccebf3092c0bf9ed46f54458ff4c94
DEBUG: ran git merge 0eaabe4635ccebf3092c0bf9ed46f54458ff4c94 in 
DEBUG: LC_ALL=C JX_LOG_LEVEL=error git log --format=%H%x1f%an%x1f%ae%x1f%cn%x1f%ce%x1f%s%n%b%x1e e322ffe3afac3e6cdb06d0030841d839003aff73..HEAD
Merged SHA 0eaabe4635ccebf3092c0bf9ed46f54458ff4c94 with commit message 'chore: Promote godemo30 to version 0.0.5' into base branch master

Showing logs for build [32mjstrachan-environment-bucketrep-4j59s-1[0m stage [32mpr-checks[0m and container [32mstep-create-helmfile[0m

Showing logs for build [32mjstrachan-environment-bucketrep-4j59s-1[0m stage [32mpr-checks[0m and container [32mstep-lint-helmfile-system[0m
Adding repo dev http://bucketrepo/bucketrepo/charts/
"dev" has been added to your repositories

Adding repo jenkins-x https://storage.googleapis.com/chartmuseum.jenkins-x.io
"jenkins-x" has been added to your repositories

Updating repo
Hang tight while we grab the latest from your chart repositories...
...Successfully got an update from the "dev" chart repository
...Successfully got an update from the "jenkins-x" chart repository
Update Complete. ⎈ Happy Helming!⎈ 

Fetching jenkins-x/empty
Linting release=empty, chart=/tmp/248013843/empty/latest/jenkins-x/empty/empty
==> Linting /tmp/248013843/empty/latest/jenkins-x/empty/empty

1 chart(s) linted, 0 chart(s) failed


Showing logs for build [32mjstrachan-environment-bucketrep-4j59s-1[0m stage [32mpr-checks[0m and container [32mstep-lint-helmfile-apps[0m
Adding repo dev http://bucketrepo/bucketrepo/charts/
"dev" has been added to your repositories

Adding repo jenkins-x http://chartmuseum.jenkins-x.io
"jenkins-x" has been added to your repositories

Updating repo
Hang tight while we grab the latest from your chart repositories...
...Successfully got an update from the "dev" chart repository
...Successfully got an update from the "jenkins-x" chart repository
Update Complete. ⎈ Happy Helming!⎈ 

Fetching dev/godemo30
Linting release=godemo30, chart=/tmp/233350941/godemo30/0.0.5/dev/godemo30/godemo30
==> Linting /tmp/233350941/godemo30/0.0.5/dev/godemo30/godemo30

1 chart(s) linted, 0 chart(s) failed

