
Showing logs for build [32mjstrachan-environment-bucketrep-49gs6-1[0m stage [32mpr-checks[0m and container [32mstep-credential-initializer-dj7x7[0m
{"level":"warn","ts":1584703201.7109072,"logger":"fallback-logger","caller":"logging/config.go:69","msg":"Fetch GitHub commit ID from kodata failed: \"ref: refs/heads/0.8.0-**-support-backwards-incompats\" is not a valid GitHub commit ID"}
{"level":"info","ts":1584703201.7115982,"logger":"fallback-logger","caller":"creds-init/main.go:40","msg":"Credentials initialized."}

Showing logs for build [32mjstrachan-environment-bucketrep-49gs6-1[0m stage [32mpr-checks[0m and container [32mstep-working-dir-initializer-thqxr[0m
{"level":"warn","ts":1584703202.1506782,"logger":"fallback-logger","caller":"logging/config.go:69","msg":"Fetch GitHub commit ID from kodata failed: open /var/run/ko/HEAD: no such file or directory"}
{"level":"info","ts":1584703202.1521528,"logger":"fallback-logger","caller":"bash/main.go:64","msg":"Successfully executed command \"sh -c mkdir -p /workspace/source\"; output "}

Showing logs for build [32mjstrachan-environment-bucketrep-49gs6-1[0m stage [32mpr-checks[0m and container [32mstep-place-tools[0m

Showing logs for build [32mjstrachan-environment-bucketrep-49gs6-1[0m stage [32mpr-checks[0m and container [32mstep-git-source-jstrachan-environment-bucketrep-49gs6-phd49[0m
{"level":"warn","ts":1584703208.3595428,"logger":"fallback-logger","caller":"logging/config.go:69","msg":"Fetch GitHub commit ID from kodata failed: \"ref: refs/heads/0.8.0-**-support-backwards-incompats\" is not a valid GitHub commit ID"}
{"level":"info","ts":1584703209.458746,"logger":"fallback-logger","caller":"git/git.go:103","msg":"Successfully cloned https://github.com/*********/environment-bucketrepo-staging.git @ master in path /workspace/source"}

Showing logs for build [32mjstrachan-environment-bucketrep-49gs6-1[0m stage [32mpr-checks[0m and container [32mstep-git-merge[0m
Using SHAs from PULL_REFS=master:45ba6e83fcb8352958ee41fb11fc9d34bc0ce89f,28:476a4abbc48d85cfe642ccc2393c252f802ff1ab
DEBUG: LC_ALL=C JX_LOG_LEVEL=error git fetch origin --unshallow 476a4abbc48d85cfe642ccc2393c252f802ff1ab: 45ba6e83fcb8352958ee41fb11fc9d34bc0ce89f:
DEBUG: ran git fetch --unshallow origin 476a4abbc48d85cfe642ccc2393c252f802ff1ab: 45ba6e83fcb8352958ee41fb11fc9d34bc0ce89f: in 
DEBUG: JX_LOG_LEVEL=error LC_ALL=C git branch
DEBUG: LC_ALL=C JX_LOG_LEVEL=error git checkout master
DEBUG: ran git checkout master in 
DEBUG: LC_ALL=C JX_LOG_LEVEL=error git reset --hard 45ba6e83fcb8352958ee41fb11fc9d34bc0ce89f
DEBUG: ran git reset --hard 45ba6e83fcb8352958ee41fb11fc9d34bc0ce89f in 
DEBUG: LC_ALL=C JX_LOG_LEVEL=error git clean -fd .
DEBUG: ran clean --force -d . in 
DEBUG: LC_ALL=C JX_LOG_LEVEL=error git merge 476a4abbc48d85cfe642ccc2393c252f802ff1ab
DEBUG: ran git merge 476a4abbc48d85cfe642ccc2393c252f802ff1ab in 
DEBUG: LC_ALL=C JX_LOG_LEVEL=error git log --format=%H%x1f%an%x1f%ae%x1f%cn%x1f%ce%x1f%s%n%b%x1e 45ba6e83fcb8352958ee41fb11fc9d34bc0ce89f..HEAD
Merged SHA 476a4abbc48d85cfe642ccc2393c252f802ff1ab with commit message 'chore: Promote godemo37 to version 0.0.2' into base branch master

Showing logs for build [32mjstrachan-environment-bucketrep-49gs6-1[0m stage [32mpr-checks[0m and container [32mstep-create-helmfile[0m

Showing logs for build [32mjstrachan-environment-bucketrep-49gs6-1[0m stage [32mpr-checks[0m and container [32mstep-lint-helmfile-system[0m
Adding repo dev http://bucketrepo/bucketrepo/charts/
"dev" has been added to your repositories

Adding repo jenkins-x https://storage.googleapis.com/chartmuseum.jenkins-x.io
"jenkins-x" has been added to your repositories

Updating repo
Hang tight while we grab the latest from your chart repositories...
...Successfully got an update from the "dev" chart repository
...Successfully got an update from the "jenkins-x" chart repository
Update Complete. ⎈ Happy Helming!⎈ 

Fetching jenkins-x/empty
Linting release=empty, chart=/tmp/863651656/empty/latest/jenkins-x/empty/empty
==> Linting /tmp/863651656/empty/latest/jenkins-x/empty/empty

1 chart(s) linted, 0 chart(s) failed


Showing logs for build [32mjstrachan-environment-bucketrep-49gs6-1[0m stage [32mpr-checks[0m and container [32mstep-lint-helmfile-apps[0m
Adding repo dev http://bucketrepo/bucketrepo/charts/
"dev" has been added to your repositories

Adding repo jenkins-x http://chartmuseum.jenkins-x.io
"jenkins-x" has been added to your repositories

Updating repo
Hang tight while we grab the latest from your chart repositories...
...Successfully got an update from the "dev" chart repository
...Successfully got an update from the "jenkins-x" chart repository
Update Complete. ⎈ Happy Helming!⎈ 

Fetching dev/godemo37
Linting release=godemo37, chart=/tmp/393418647/godemo37/0.0.2/dev/godemo37/godemo37
==> Linting /tmp/393418647/godemo37/0.0.2/dev/godemo37/godemo37

1 chart(s) linted, 0 chart(s) failed

