
Showing logs for build [32mjstrachan-environment-bucketrep-kv8cn-2[0m stage [32mrelease[0m and container [32mstep-credential-initializer-wnhtd[0m
{"level":"warn","ts":1584371064.3135238,"logger":"fallback-logger","caller":"logging/config.go:69","msg":"Fetch GitHub commit ID from kodata failed: \"ref: refs/heads/0.8.0-**-support-backwards-incompats\" is not a valid GitHub commit ID"}
{"level":"info","ts":1584371064.3139565,"logger":"fallback-logger","caller":"creds-init/main.go:40","msg":"Credentials initialized."}

Showing logs for build [32mjstrachan-environment-bucketrep-kv8cn-2[0m stage [32mrelease[0m and container [32mstep-working-dir-initializer-cwpwb[0m
{"level":"warn","ts":1584371065.2747908,"logger":"fallback-logger","caller":"logging/config.go:69","msg":"Fetch GitHub commit ID from kodata failed: open /var/run/ko/HEAD: no such file or directory"}
{"level":"info","ts":1584371065.276029,"logger":"fallback-logger","caller":"bash/main.go:64","msg":"Successfully executed command \"sh -c mkdir -p /workspace/source\"; output "}

Showing logs for build [32mjstrachan-environment-bucketrep-kv8cn-2[0m stage [32mrelease[0m and container [32mstep-place-tools[0m

Showing logs for build [32mjstrachan-environment-bucketrep-kv8cn-2[0m stage [32mrelease[0m and container [32mstep-git-source-jstrachan-environment-bucketrep-kv8cn-qxbv9[0m
{"level":"warn","ts":1584371073.450821,"logger":"fallback-logger","caller":"logging/config.go:69","msg":"Fetch GitHub commit ID from kodata failed: \"ref: refs/heads/0.8.0-**-support-backwards-incompats\" is not a valid GitHub commit ID"}
{"level":"info","ts":1584371074.5526578,"logger":"fallback-logger","caller":"git/git.go:103","msg":"Successfully cloned https://github.com/*********/environment-bucketrepo-staging.git @ v0.0.11 in path /workspace/source"}

Showing logs for build [32mjstrachan-environment-bucketrep-kv8cn-2[0m stage [32mrelease[0m and container [32mstep-git-merge[0m
Using SHAs from PULL_REFS=master:b1744874e74a509d090264512882fe1acc501476
WARNING: no SHAs to merge, falling back to initial cloned commit

Showing logs for build [32mjstrachan-environment-bucketrep-kv8cn-2[0m stage [32mrelease[0m and container [32mstep-validate-git[0m
Git configured for user: jenkins-x-bot and email jenkins-x@googlegroups.com

Showing logs for build [32mjstrachan-environment-bucketrep-kv8cn-2[0m stage [32mrelease[0m and container [32mstep-verify-preinstall[0m
disabling ** step verify preinstall as using a local environment

Showing logs for build [32mjstrachan-environment-bucketrep-kv8cn-2[0m stage [32mrelease[0m and container [32mstep-install-jx-crds[0m
Jenkins X CRDs upgraded with success

Showing logs for build [32mjstrachan-environment-bucketrep-kv8cn-2[0m stage [32mrelease[0m and container [32mstep-generate-helmfile[0m

Showing logs for build [32mjstrachan-environment-bucketrep-kv8cn-2[0m stage [32mrelease[0m and container [32mstep-kubectl-apply[0m
this script allows you to kubectl apply resources or CRDs

Showing logs for build [32mjstrachan-environment-bucketrep-kv8cn-2[0m stage [32mrelease[0m and container [32mstep-helmfile-system[0m
Adding repo dev http://bucketrepo/bucketrepo/charts/
"dev" has been added to your repositories

Adding repo jenkins-x https://storage.googleapis.com/chartmuseum.jenkins-x.io
"jenkins-x" has been added to your repositories

Updating repo
Hang tight while we grab the latest from your chart repositories...
...Successfully got an update from the "dev" chart repository
...Successfully got an update from the "jenkins-x" chart repository
Update Complete. ⎈ Happy Helming!⎈ 

Affected releases are:
  empty (jenkins-x/empty) UPDATED

Upgrading release=empty, chart=jenkins-x/empty
Release "empty" has been upgraded. Happy Helming!
NAME: empty
LAST DEPLOYED: Mon Mar 16 15:04:59 2020
NAMESPACE: **-staging
STATUS: deployed
REVISION: 2
TEST SUITE: None

Listing releases matching ^empty$
empty	**-staging	2       	2020-03-16 15:04:59.629515188 +0000 UTC	deployed	empty-0.0.3	           


UPDATED RELEASES:
NAME    CHART             VERSION
empty   jenkins-x/empty     0.0.3


Showing logs for build [32mjstrachan-environment-bucketrep-kv8cn-2[0m stage [32mrelease[0m and container [32mstep-verify-ingress[0m
Waiting to find the external host name of the ingress controller Service in namespace nginx with name nginx-ingress-controller
No domain flag provided so using default 34.76.61.93.nip.io to generate Ingress rules
defaulting the domain to 34.76.61.93.nip.io and modified /workspace/source/**-requirements.yml

Showing logs for build [32mjstrachan-environment-bucketrep-kv8cn-2[0m stage [32mrelease[0m and container [32mstep-helmfile-apps[0m
Adding repo dev http://bucketrepo/bucketrepo/charts/
"dev" has been added to your repositories

Adding repo jenkins-x http://chartmuseum.jenkins-x.io
"jenkins-x" has been added to your repositories

Updating repo
Hang tight while we grab the latest from your chart repositories...
...Successfully got an update from the "dev" chart repository
...Successfully got an update from the "jenkins-x" chart repository
Update Complete. ⎈ Happy Helming!⎈ 

Affected releases are:
  nodey434 (dev/nodey434) UPDATED

Upgrading release=nodey434, chart=dev/nodey434
Release "nodey434" has been upgraded. Happy Helming!
NAME: nodey434
LAST DEPLOYED: Mon Mar 16 15:05:07 2020
NAMESPACE: **-staging
STATUS: deployed
REVISION: 2
TEST SUITE: None
NOTES:
Get the application URL by running these commands:

kubectl get ingress nodey434-nodey434

Listing releases matching ^nodey434$
nodey434	**-staging	2       	2020-03-16 15:05:07.228402341 +0000 UTC	deployed	nodey434-0.0.3	0.0.3      


UPDATED RELEASES:
NAME       CHART          VERSION
nodey434   dev/nodey434     0.0.3


Showing logs for build [32mjstrachan-environment-bucketrep-kv8cn-2[0m stage [32mrelease[0m and container [32mstep-git-creds[0m
Generated Git credentials file /builder/home/git/credentials

Showing logs for build [32mjstrachan-environment-bucketrep-kv8cn-2[0m stage [32mrelease[0m and container [32mstep-verify-jenkins-x-environment[0m
disabling ** step verify env as using a local environment

Showing logs for build [32mjstrachan-environment-bucketrep-kv8cn-2[0m stage [32mrelease[0m and container [32mstep-install-pipelines[0m

Showing logs for build [32mjstrachan-environment-bucketrep-kv8cn-2[0m stage [32mrelease[0m and container [32mstep-update-webhooks[0m
DEBUG: Finding service url for hook in namespace **
DEBUG: Couldn't find service url, attempting to look up via ingress
DEBUG: found service url http://hook-**.34.76.61.93.nip.io
Updating webhooks for Owner: ********* and Repository: environment-bucketrepo-dev in git server: https://github.com
Checking hooks for repository *********/environment-bucketrepo-dev with user *********
Found matching hook for url http://hook-**.34.76.61.93.nip.io/hook
Updating GitHub webhook for *********/environment-bucketrepo-dev for url http://hook-**.34.76.61.93.nip.io/hook
Updating webhooks for Owner: ********* and Repository: environment-bucketrepo-production in git server: https://github.com
Checking hooks for repository *********/environment-bucketrepo-production with user *********
Found matching hook for url http://hook-**.34.76.61.93.nip.io/hook
Updating GitHub webhook for *********/environment-bucketrepo-production for url http://hook-**.34.76.61.93.nip.io/hook
Updating webhooks for Owner: ********* and Repository: environment-bucketrepo-staging in git server: https://github.com
Checking hooks for repository *********/environment-bucketrepo-staging with user *********
Found matching hook for url http://hook-**.34.76.61.93.nip.io/hook
Updating GitHub webhook for *********/environment-bucketrepo-staging for url http://hook-**.34.76.61.93.nip.io/hook
Updating webhooks for Owner: ********* and Repository: nodey431 in git server: https://github.com
Checking hooks for repository *********/nodey431 with user *********
Found matching hook for url http://hook-**.34.76.61.93.nip.io/hook
Updating GitHub webhook for *********/nodey431 for url http://hook-**.34.76.61.93.nip.io/hook
Updating webhooks for Owner: ********* and Repository: nodey433 in git server: https://github.com
Checking hooks for repository *********/nodey433 with user *********
Found matching hook for url http://hook-**.34.76.61.93.nip.io/hook
Updating GitHub webhook for *********/nodey433 for url http://hook-**.34.76.61.93.nip.io/hook
Updating webhooks for Owner: ********* and Repository: nodey434 in git server: https://github.com
Checking hooks for repository *********/nodey434 with user *********
Found matching hook for url http://hook-**.34.76.61.93.nip.io/hook
Updating GitHub webhook for *********/nodey434 for url http://hook-**.34.76.61.93.nip.io/hook

Showing logs for build [32mjstrachan-environment-bucketrep-kv8cn-2[0m stage [32mrelease[0m and container [32mstep-verify-installation[0m
verifying the Jenkins X installation in namespace **
verifying pods
Checking pod statuses
POD                                                        STATUS
bucketrepo-bucketrepo-6c9567bd96-c5779                     Running
**boot-helmfile-resources-controllerbuild-65d8958d66-lwqq5 Running
**boot-helmfile-resources-gcactivities-1584370800-4gkkk    Succeeded
**boot-helmfile-resources-gcpods-1584370800-zcj64          Succeeded
**boot-helmfile-resources-gcpreviews-1584370800-ltnnj      Succeeded
**ui-**ui-54479d9956-gn5fh                                 Running
lighthouse-lighthouse-5cdbcc4c58-lnp45                     Running
lighthouse-lighthouse-5cdbcc4c58-nbzlx                     Running
tekton-pipelines-controller-666488cbd5-s77k5               Running
tide-5477488bf9-j7dfs                                      Running
Verifying the git config
Verifying username ********* at git server github at https://github.com
Found 21 organisations in git server https://github.com: CamelCookbook, FuseByExample, arcalos-dashboard, arcalos-environments, cb-kubecd, cloudbees, codeship, fabric8-updatebot, fusesource, jenkins-x, jenkins-x-apps, jenkins-x-buildpacks, jenkins-x-charts, jenkins-x-dashboard, jenkins-x-images, jenkins-x-labs, jenkins-x-quickstarts, jenkins-x-test-projects, jenkinsci, jenkinsx, petclinic-gcp
Validated pipeline user ********* on git server https://github.com
Git tokens seem to be setup correctly
Installation is currently looking: GOOD
