
Showing logs for build [32mjstrachan-environment-bucketrep-hk4xh-4[0m stage [32mrelease[0m and container [32mstep-credential-initializer-pmpwl[0m
{"level":"warn","ts":1585036439.9286926,"logger":"fallback-logger","caller":"logging/config.go:69","msg":"Fetch GitHub commit ID from kodata failed: \"ref: refs/heads/0.8.0-**-support-backwards-incompats\" is not a valid GitHub commit ID"}
{"level":"info","ts":1585036439.9291801,"logger":"fallback-logger","caller":"creds-init/main.go:40","msg":"Credentials initialized."}

Showing logs for build [32mjstrachan-environment-bucketrep-hk4xh-4[0m stage [32mrelease[0m and container [32mstep-working-dir-initializer-v95ld[0m
{"level":"warn","ts":1585036440.908093,"logger":"fallback-logger","caller":"logging/config.go:69","msg":"Fetch GitHub commit ID from kodata failed: open /var/run/ko/HEAD: no such file or directory"}
{"level":"info","ts":1585036440.9097364,"logger":"fallback-logger","caller":"bash/main.go:64","msg":"Successfully executed command \"sh -c mkdir -p /workspace/source\"; output "}

Showing logs for build [32mjstrachan-environment-bucketrep-hk4xh-4[0m stage [32mrelease[0m and container [32mstep-place-tools[0m

Showing logs for build [32mjstrachan-environment-bucketrep-hk4xh-4[0m stage [32mrelease[0m and container [32mstep-git-source-jstrachan-environment-bucketrep-hk4xh-sr4qn[0m
{"level":"warn","ts":1585036449.0828843,"logger":"fallback-logger","caller":"logging/config.go:69","msg":"Fetch GitHub commit ID from kodata failed: \"ref: refs/heads/0.8.0-**-support-backwards-incompats\" is not a valid GitHub commit ID"}
{"level":"info","ts":1585036450.247091,"logger":"fallback-logger","caller":"git/git.go:103","msg":"Successfully cloned https://github.com/*********/environment-bucketrepo-staging.git @ v0.0.46 in path /workspace/source"}

Showing logs for build [32mjstrachan-environment-bucketrep-hk4xh-4[0m stage [32mrelease[0m and container [32mstep-git-merge[0m
Using SHAs from PULL_REFS=master:efa6bc7f491e3108d214821756b3df7b3538493f
WARNING: no SHAs to merge, falling back to initial cloned commit

Showing logs for build [32mjstrachan-environment-bucketrep-hk4xh-4[0m stage [32mrelease[0m and container [32mstep-validate-git[0m
Git configured for user: jenkins-x-bot and email jenkins-x@googlegroups.com

Showing logs for build [32mjstrachan-environment-bucketrep-hk4xh-4[0m stage [32mrelease[0m and container [32mstep-verify-preinstall[0m
disabling ** step verify preinstall as using a local environment

Showing logs for build [32mjstrachan-environment-bucketrep-hk4xh-4[0m stage [32mrelease[0m and container [32mstep-install-jx-crds[0m
Jenkins X CRDs upgraded with success

Showing logs for build [32mjstrachan-environment-bucketrep-hk4xh-4[0m stage [32mrelease[0m and container [32mstep-generate-helmfile[0m

Showing logs for build [32mjstrachan-environment-bucketrep-hk4xh-4[0m stage [32mrelease[0m and container [32mstep-helmfile-system[0m
Adding repo dev http://bucketrepo/bucketrepo/charts/
"dev" has been added to your repositories

Adding repo jenkins-x https://storage.googleapis.com/chartmuseum.jenkins-x.io
"jenkins-x" has been added to your repositories

Updating repo
Hang tight while we grab the latest from your chart repositories...
...Successfully got an update from the "dev" chart repository
...Successfully got an update from the "jenkins-x" chart repository
Update Complete. ⎈ Happy Helming!⎈ 

Affected releases are:
  empty (jenkins-x/empty) UPDATED

Upgrading release=empty, chart=jenkins-x/empty
Release "empty" has been upgraded. Happy Helming!
NAME: empty
LAST DEPLOYED: Tue Mar 24 07:54:33 2020
NAMESPACE: **-staging
STATUS: deployed
REVISION: 9
TEST SUITE: None

Listing releases matching ^empty$
empty	**-staging	9       	2020-03-24 07:54:33.325986543 +0000 UTC	deployed	empty-0.0.3	           


UPDATED RELEASES:
NAME    CHART             VERSION
empty   jenkins-x/empty     0.0.3


Showing logs for build [32mjstrachan-environment-bucketrep-hk4xh-4[0m stage [32mrelease[0m and container [32mstep-verify-ingress[0m
Waiting to find the external host name of the ingress controller Service in namespace istio-system with name istio-ingressgateway
No domain flag provided so using default 35.240.16.53.nip.io to generate Ingress rules
defaulting the domain to 35.240.16.53.nip.io and modified /workspace/source/**-requirements.yml

Showing logs for build [32mjstrachan-environment-bucketrep-hk4xh-4[0m stage [32mrelease[0m and container [32mstep-helmfile-apps[0m
Adding repo dev http://bucketrepo/bucketrepo/charts/
"dev" has been added to your repositories

Adding repo jenkins-x http://chartmuseum.jenkins-x.io
"jenkins-x" has been added to your repositories

Updating repo
Hang tight while we grab the latest from your chart repositories...
...Successfully got an update from the "dev" chart repository
...Successfully got an update from the "jenkins-x" chart repository
Update Complete. ⎈ Happy Helming!⎈ 

Affected releases are:
  godemo40 (dev/godemo40) UPDATED
  nodey435 (dev/nodey435) UPDATED

Upgrading release=godemo40, chart=dev/godemo40
Upgrading release=nodey435, chart=dev/nodey435
Release "godemo40" has been upgraded. Happy Helming!
NAME: godemo40
LAST DEPLOYED: Tue Mar 24 07:54:40 2020
NAMESPACE: **-staging
STATUS: deployed
REVISION: 10
TEST SUITE: None
NOTES:
Get the application URL by running these commands:

kubectl get ingress godemo40-godemo40

Listing releases matching ^godemo40$
godemo40	**-staging	10      	2020-03-24 07:54:40.926713578 +0000 UTC	deployed	godemo40-0.0.10	0.0.10     

Release "nodey435" does not exist. Installing it now.
NAME: nodey435
LAST DEPLOYED: Tue Mar 24 07:54:40 2020
NAMESPACE: **-staging
STATUS: deployed
REVISION: 1
TEST SUITE: None
Listing releases matching ^nodey435$
NOTES:
Get the application URL by running these commands:

kubectl get ingress nodey435-nodey435

nodey435	**-staging	1       	2020-03-24 07:54:40.836228203 +0000 UTC	deployed	nodey435-1.0.0	1.0.0      


UPDATED RELEASES:
NAME       CHART          VERSION
godemo40   dev/godemo40    0.0.10
nodey435   dev/nodey435     1.0.0


Showing logs for build [32mjstrachan-environment-bucketrep-hk4xh-4[0m stage [32mrelease[0m and container [32mstep-git-creds[0m
Generated Git credentials file /builder/home/git/credentials

Showing logs for build [32mjstrachan-environment-bucketrep-hk4xh-4[0m stage [32mrelease[0m and container [32mstep-verify-jenkins-x-environment[0m
disabling ** step verify env as using a local environment

Showing logs for build [32mjstrachan-environment-bucketrep-hk4xh-4[0m stage [32mrelease[0m and container [32mstep-install-pipelines[0m

Showing logs for build [32mjstrachan-environment-bucketrep-hk4xh-4[0m stage [32mrelease[0m and container [32mstep-update-webhooks[0m
DEBUG: Finding service url for hook in namespace **
DEBUG: Couldn't find service url, attempting to look up via ingress
DEBUG: found service url http://hook-**.35.240.16.53.nip.io
Updating webhooks for Owner: ********* and Repository: environment-bucketrepo-dev in git server: https://github.com
Checking hooks for repository *********/environment-bucketrepo-dev with user *********
Found matching hook for url http://hook-**.35.240.16.53.nip.io/hook
Updating GitHub webhook for *********/environment-bucketrepo-dev for url http://hook-**.35.240.16.53.nip.io/hook
Updating webhooks for Owner: ********* and Repository: environment-bucketrepo-production in git server: https://github.com
Checking hooks for repository *********/environment-bucketrepo-production with user *********
Found matching hook for url http://hook-**.35.240.16.53.nip.io/hook
Updating GitHub webhook for *********/environment-bucketrepo-production for url http://hook-**.35.240.16.53.nip.io/hook
Updating webhooks for Owner: ********* and Repository: environment-bucketrepo-staging in git server: https://github.com
Checking hooks for repository *********/environment-bucketrepo-staging with user *********
Found matching hook for url http://hook-**.35.240.16.53.nip.io/hook
Updating GitHub webhook for *********/environment-bucketrepo-staging for url http://hook-**.35.240.16.53.nip.io/hook
Updating webhooks for Owner: ********* and Repository: godemo40 in git server: https://github.com
Checking hooks for repository *********/godemo40 with user *********
Found matching hook for url http://hook-**.35.240.16.53.nip.io/hook
Updating GitHub webhook for *********/godemo40 for url http://hook-**.35.240.16.53.nip.io/hook
Updating webhooks for Owner: ********* and Repository: nodey434 in git server: https://github.com
Checking hooks for repository *********/nodey434 with user *********
Found matching hook for url http://hook-**.35.240.16.53.nip.io/hook
Updating GitHub webhook for *********/nodey434 for url http://hook-**.35.240.16.53.nip.io/hook
Updating webhooks for Owner: ********* and Repository: nodey435 in git server: https://github.com
Checking hooks for repository *********/nodey435 with user *********
Found matching hook for url http://hook-**.35.240.16.53.nip.io/hook
Updating GitHub webhook for *********/nodey435 for url http://hook-**.35.240.16.53.nip.io/hook

Showing logs for build [32mjstrachan-environment-bucketrep-hk4xh-4[0m stage [32mrelease[0m and container [32mstep-verify-installation[0m
verifying the Jenkins X installation in namespace **
verifying pods
Checking pod statuses
POD                                                        STATUS
bucketrepo-bucketrepo-6c9567bd96-fckn8                     Running
**boot-helmfile-resources-controllerbuild-7fd45857c5-4vqss Running
**boot-helmfile-resources-controllerrole-7cbc5bcc6-5j745   Running
**boot-helmfile-resources-gcactivities-1585029600-vqsfh    Succeeded
**boot-helmfile-resources-gcactivities-1585031400-266tw    Succeeded
**boot-helmfile-resources-gcpods-1585029600-kvpvz          Succeeded
**boot-helmfile-resources-gcpods-1585031400-qf6gf          Succeeded
**boot-helmfile-resources-gcpreviews-1585029600-mq2mb      Failed
**boot-helmfile-resources-gcpreviews-1585029600-n7knx      Failed
**boot-helmfile-resources-gcpreviews-1585029600-ptphm      Failed
**boot-helmfile-resources-gcpreviews-1585029600-tdtkb      Failed
**boot-helmfile-resources-gcpreviews-1585029600-wqfq9      Failed
**boot-helmfile-resources-gcpreviews-1585029600-xn5n2      Failed
**ui-**ui-549b4d4d9f-gshkz                                 Running
lighthouse-lighthouse-658bc4f44f-pldnt                     Running
lighthouse-lighthouse-658bc4f44f-z89xq                     Running
tekton-pipelines-controller-666488cbd5-d9wvf               Running
tide-55566677dd-rn56n                                      Running
WARNING: the following pods are not ready:
Running: **ui-**ui-549b4d4d9f-gshkz

Waiting 30m0s for the pods to become ready...

WARNING: retrying after error: the following pods are not ready:
Running: **ui-**ui-549b4d4d9f-gshkz
.
.
.
.
.
.
.
.
.
.
.
.
.
.
.
.
.
.
.
.
.
.
.
.
.
.
.
.
.
.
.
.
.
.
.
.
.
.
.
.
.
.

POD                                                        STATUS
bucketrepo-bucketrepo-6c9567bd96-fckn8                     Running
**boot-helmfile-resources-controllerbuild-7fd45857c5-4vqss Running
**boot-helmfile-resources-controllerrole-7cbc5bcc6-5j745   Running
**boot-helmfile-resources-gcactivities-1585029600-vqsfh    Succeeded
**boot-helmfile-resources-gcactivities-1585031400-266tw    Succeeded
**boot-helmfile-resources-gcpods-1585029600-kvpvz          Succeeded
**boot-helmfile-resources-gcpods-1585031400-qf6gf          Succeeded
**boot-helmfile-resources-gcpreviews-1585029600-mq2mb      Failed
**boot-helmfile-resources-gcpreviews-1585029600-n7knx      Failed
**boot-helmfile-resources-gcpreviews-1585029600-ptphm      Failed
**boot-helmfile-resources-gcpreviews-1585029600-tdtkb      Failed
**boot-helmfile-resources-gcpreviews-1585029600-wqfq9      Failed
**boot-helmfile-resources-gcpreviews-1585029600-xn5n2      Failed
lighthouse-lighthouse-658bc4f44f-pldnt                     Running
lighthouse-lighthouse-658bc4f44f-z89xq                     Running
tekton-pipelines-controller-666488cbd5-d9wvf               Running
tide-55566677dd-rn56n                                      Running
Verifying the git config
Verifying username ********* at git server github at https://github.com
Found 21 organisations in git server https://github.com: CamelCookbook, FuseByExample, arcalos-dashboard, arcalos-environments, cb-kubecd, cloudbees, codeship, fabric8-updatebot, fusesource, jenkins-x, jenkins-x-apps, jenkins-x-buildpacks, jenkins-x-charts, jenkins-x-dashboard, jenkins-x-images, jenkins-x-labs, jenkins-x-quickstarts, jenkins-x-test-projects, jenkinsci, jenkinsx, petclinic-gcp
Validated pipeline user ********* on git server https://github.com
Git tokens seem to be setup correctly
Installation is currently looking: GOOD
