
Showing logs for build [32mmeta-jstrachan-environment-buck-lv6tk-6[0m stage [32mmeta-pipeline[0m and container [32mstep-credential-initializer-2k5st[0m
{"level":"warn","ts":1584474952.9772542,"logger":"fallback-logger","caller":"logging/config.go:69","msg":"Fetch GitHub commit ID from kodata failed: \"ref: refs/heads/0.8.0-**-support-backwards-incompats\" is not a valid GitHub commit ID"}
{"level":"info","ts":1584474952.9777536,"logger":"fallback-logger","caller":"creds-init/main.go:40","msg":"Credentials initialized."}

Showing logs for build [32mmeta-jstrachan-environment-buck-lv6tk-6[0m stage [32mmeta-pipeline[0m and container [32mstep-working-dir-initializer-jhtbl[0m
{"level":"warn","ts":1584474953.9724326,"logger":"fallback-logger","caller":"logging/config.go:69","msg":"Fetch GitHub commit ID from kodata failed: open /var/run/ko/HEAD: no such file or directory"}
{"level":"info","ts":1584474953.973759,"logger":"fallback-logger","caller":"bash/main.go:64","msg":"Successfully executed command \"sh -c mkdir -p /workspace/source\"; output "}

Showing logs for build [32mmeta-jstrachan-environment-buck-lv6tk-6[0m stage [32mmeta-pipeline[0m and container [32mstep-place-tools[0m

Showing logs for build [32mmeta-jstrachan-environment-buck-lv6tk-6[0m stage [32mmeta-pipeline[0m and container [32mstep-git-source-meta-jstrachan-environment-buck-lv6tk-wlrpq[0m
{"level":"warn","ts":1584474960.1624558,"logger":"fallback-logger","caller":"logging/config.go:69","msg":"Fetch GitHub commit ID from kodata failed: \"ref: refs/heads/0.8.0-**-support-backwards-incompats\" is not a valid GitHub commit ID"}
{"level":"info","ts":1584474961.339516,"logger":"fallback-logger","caller":"git/git.go:103","msg":"Successfully cloned https://github.com/*********/environment-bucketrepo-staging.git @ 60911616ca732d405de3f55c70d0d9d76b944870 in path /workspace/source"}

Showing logs for build [32mmeta-jstrachan-environment-buck-lv6tk-6[0m stage [32mmeta-pipeline[0m and container [32mstep-git-merge[0m
Using SHAs from PULL_REFS=master:60911616ca732d405de3f55c70d0d9d76b944870
WARNING: no SHAs to merge, falling back to initial cloned commit

Showing logs for build [32mmeta-jstrachan-environment-buck-lv6tk-6[0m stage [32mmeta-pipeline[0m and container [32mstep-merge-pull-refs[0m
SKIP merge-pull-refs: Nothing to merge

Showing logs for build [32mmeta-jstrachan-environment-buck-lv6tk-6[0m stage [32mmeta-pipeline[0m and container [32mstep-create-effective-pipeline[0m
Effective pipeline written to jenkins-x-effective.yml

Showing logs for build [32mmeta-jstrachan-environment-buck-lv6tk-6[0m stage [32mmeta-pipeline[0m and container [32mstep-create-tekton-crds[0m
running command: ** step next-version --use-git-tag-only --tag
created new version: 0.0.17 and written to file: ./VERSION
Updating chart version in Chart.yaml to 0.0.17
error: Have you set up a git credential helper? See https://help.github.com/articles/caching-your-github-password-in-git/
: git output: To https://github.com/*********/environment-bucketrepo-staging.git
 ! [rejected]        v0.0.17 -> v0.0.17 (already exists)
error: failed to push some refs to 'https://github.com/*********/environment-bucketrepo-staging.git'
hint: Updates were rejected because the tag already exists in the remote.: failed to run 'git push origin v0.0.17' command in directory '', output: 'To https://github.com/*********/environment-bucketrepo-staging.git
 ! [rejected]        v0.0.17 -> v0.0.17 (already exists)
error: failed to push some refs to 'https://github.com/*********/environment-bucketrepo-staging.git'
hint: Updates were rejected because the tag already exists in the remote.'
error: failed to set the version on release pipelines: failed to run '/bin/sh -c ** step next-version --use-git-tag-only --tag' command in directory '/workspace/source', output: ''
[31m
Pipeline failed on stage 'meta-pipeline' : container 'step-create-tekton-crds'. The execution of the pipeline has stopped.[0m
