
Showing logs for build [32mjstrachan-environment-bucketrep-cd6k6-8[0m stage [32mrelease[0m and container [32mstep-credential-initializer-2x9h4[0m
{"level":"warn","ts":1584112475.9966877,"logger":"fallback-logger","caller":"logging/config.go:69","msg":"Fetch GitHub commit ID from kodata failed: \"ref: refs/heads/0.8.0-**-support-backwards-incompats\" is not a valid GitHub commit ID"}
{"level":"info","ts":1584112475.9974093,"logger":"fallback-logger","caller":"creds-init/main.go:40","msg":"Credentials initialized."}

Showing logs for build [32mjstrachan-environment-bucketrep-cd6k6-8[0m stage [32mrelease[0m and container [32mstep-working-dir-initializer-9pjrf[0m
{"level":"warn","ts":1584112477.1142845,"logger":"fallback-logger","caller":"logging/config.go:69","msg":"Fetch GitHub commit ID from kodata failed: open /var/run/ko/HEAD: no such file or directory"}
{"level":"info","ts":1584112477.1156878,"logger":"fallback-logger","caller":"bash/main.go:64","msg":"Successfully executed command \"sh -c mkdir -p /workspace/source\"; output "}

Showing logs for build [32mjstrachan-environment-bucketrep-cd6k6-8[0m stage [32mrelease[0m and container [32mstep-place-tools[0m

Showing logs for build [32mjstrachan-environment-bucketrep-cd6k6-8[0m stage [32mrelease[0m and container [32mstep-git-source-jstrachan-environment-bucketrep-cd6k6-7bqjh[0m
{"level":"warn","ts":1584112485.1965053,"logger":"fallback-logger","caller":"logging/config.go:69","msg":"Fetch GitHub commit ID from kodata failed: \"ref: refs/heads/0.8.0-**-support-backwards-incompats\" is not a valid GitHub commit ID"}
{"level":"info","ts":1584112486.2069788,"logger":"fallback-logger","caller":"git/git.go:103","msg":"Successfully cloned https://github.com/*********/environment-bucketrepo-staging.git @ v0.0.8 in path /workspace/source"}

Showing logs for build [32mjstrachan-environment-bucketrep-cd6k6-8[0m stage [32mrelease[0m and container [32mstep-git-merge[0m
Using SHAs from PULL_REFS=master:afb6294ed13d01a63e3fb921a79a8386905e0e23
WARNING: no SHAs to merge, falling back to initial cloned commit

Showing logs for build [32mjstrachan-environment-bucketrep-cd6k6-8[0m stage [32mrelease[0m and container [32mstep-validate-git[0m
Git configured for user: jenkins-x-bot and email jenkins-x@googlegroups.com

Showing logs for build [32mjstrachan-environment-bucketrep-cd6k6-8[0m stage [32mrelease[0m and container [32mstep-verify-preinstall[0m
disabling ** step verify preinstall as using a local environment

Showing logs for build [32mjstrachan-environment-bucketrep-cd6k6-8[0m stage [32mrelease[0m and container [32mstep-install-jx-crds[0m
Jenkins X CRDs upgraded with success

Showing logs for build [32mjstrachan-environment-bucketrep-cd6k6-8[0m stage [32mrelease[0m and container [32mstep-generate-helmfile[0m
Cloning the Jenkins X versions repo https://github.com/jenkins-x-labs/jenkins-x-versions.git with ref refs/heads/master to /builder/home/.**/jenkins-x-versions

Showing logs for build [32mjstrachan-environment-bucketrep-cd6k6-8[0m stage [32mrelease[0m and container [32mstep-kubectl-apply[0m
this script allows you to kubectl apply resources or CRDs

Showing logs for build [32mjstrachan-environment-bucketrep-cd6k6-8[0m stage [32mrelease[0m and container [32mstep-helmfile-system[0m
Adding repo dev http://bucketrepo/bucketrepo/charts/
"dev" has been added to your repositories

Adding repo jenkins-x https://storage.googleapis.com/chartmuseum.jenkins-x.io
"jenkins-x" has been added to your repositories

Updating repo
Hang tight while we grab the latest from your chart repositories...
...Successfully got an update from the "dev" chart repository
...Successfully got an update from the "jenkins-x" chart repository
Update Complete. ⎈ Happy Helming!⎈ 

Affected releases are:
  empty (jenkins-x/empty) UPDATED

Upgrading release=empty, chart=jenkins-x/empty
Release "empty" has been upgraded. Happy Helming!
NAME: empty
LAST DEPLOYED: Fri Mar 13 15:15:07 2020
NAMESPACE: **-staging
STATUS: deployed
REVISION: 6
TEST SUITE: None

Listing releases matching ^empty$
empty	**-staging	6       	2020-03-13 15:15:07.497272606 +0000 UTC	deployed	empty-0.0.3	           


UPDATED RELEASES:
NAME    CHART             VERSION
empty   jenkins-x/empty     0.0.3


Showing logs for build [32mjstrachan-environment-bucketrep-cd6k6-8[0m stage [32mrelease[0m and container [32mstep-verify-ingress[0m
Waiting to find the external host name of the ingress controller Service in namespace nginx with name nginx-ingress-controller
No domain flag provided so using default 35.233.11.180.nip.io to generate Ingress rules
defaulting the domain to 35.233.11.180.nip.io and modified /workspace/source/**-requirements.yml

Showing logs for build [32mjstrachan-environment-bucketrep-cd6k6-8[0m stage [32mrelease[0m and container [32mstep-helmfile-apps[0m
Adding repo dev http://bucketrepo/bucketrepo/charts/
"dev" has been added to your repositories

Adding repo jenkins-x https://storage.googleapis.com/chartmuseum.jenkins-x.io
"jenkins-x" has been added to your repositories

Updating repo
Hang tight while we grab the latest from your chart repositories...
...Successfully got an update from the "dev" chart repository
...Successfully got an update from the "jenkins-x" chart repository
Update Complete. ⎈ Happy Helming!⎈ 

Affected releases are:
  empty (jenkins-x/empty) UPDATED

Upgrading release=empty, chart=jenkins-x/empty
Listing releases matching ^empty$
Release "empty" has been upgraded. Happy Helming!
NAME: empty
LAST DEPLOYED: Fri Mar 13 15:15:18 2020
NAMESPACE: **-staging
STATUS: deployed
REVISION: 7
TEST SUITE: None

empty	**-staging	7       	2020-03-13 15:15:18.297688784 +0000 UTC	deployed	empty-0.0.3	           


UPDATED RELEASES:
NAME    CHART             VERSION
empty   jenkins-x/empty     0.0.3


Showing logs for build [32mjstrachan-environment-bucketrep-cd6k6-8[0m stage [32mrelease[0m and container [32mstep-git-creds[0m
Generated Git credentials file /builder/home/git/credentials

Showing logs for build [32mjstrachan-environment-bucketrep-cd6k6-8[0m stage [32mrelease[0m and container [32mstep-verify-jenkins-x-environment[0m
disabling ** step verify env as using a local environment

Showing logs for build [32mjstrachan-environment-bucketrep-cd6k6-8[0m stage [32mrelease[0m and container [32mstep-install-pipelines[0m

Showing logs for build [32mjstrachan-environment-bucketrep-cd6k6-8[0m stage [32mrelease[0m and container [32mstep-update-webhooks[0m
DEBUG: Finding service url for hook in namespace **
DEBUG: Couldn't find service url, attempting to look up via ingress
DEBUG: found service url http://hook-**.35.233.11.180.nip.io
Updating webhooks for Owner: ********* and Repository: environment-bucketrepo-dev in git server: https://github.com
Checking hooks for repository *********/environment-bucketrepo-dev with user *********
Found matching hook for url http://hook-**.35.233.11.180.nip.io/hook
Updating GitHub webhook for *********/environment-bucketrepo-dev for url http://hook-**.35.233.11.180.nip.io/hook
Updating webhooks for Owner: ********* and Repository: environment-bucketrepo-production in git server: https://github.com
Checking hooks for repository *********/environment-bucketrepo-production with user *********
Found matching hook for url http://hook-**.35.233.11.180.nip.io/hook
Updating GitHub webhook for *********/environment-bucketrepo-production for url http://hook-**.35.233.11.180.nip.io/hook
Updating webhooks for Owner: ********* and Repository: environment-bucketrepo-staging in git server: https://github.com
Checking hooks for repository *********/environment-bucketrepo-staging with user *********
Found matching hook for url http://hook-**.35.233.11.180.nip.io/hook
Updating GitHub webhook for *********/environment-bucketrepo-staging for url http://hook-**.35.233.11.180.nip.io/hook

Showing logs for build [32mjstrachan-environment-bucketrep-cd6k6-8[0m stage [32mrelease[0m and container [32mstep-verify-installation[0m
verifying the Jenkins X installation in namespace **
verifying pods
Checking pod statuses
POD                                                        STATUS
bucketrepo-bucketrepo-6c9567bd96-tdlww                     Running
**-boot-wrmx5                                              Succeeded
**boot-helmfile-resources-controllerbuild-65d8958d66-4b9s4 Running
**boot-helmfile-resources-controllerrole-7d85d784c5-rl5ww  Running
**boot-helmfile-resources-gcactivities-1584111600-wkbsb    Succeeded
**boot-helmfile-resources-gcpods-1584111600-7hq7l          Succeeded
**boot-helmfile-resources-gcpreviews-1584111600-48kmw      Succeeded
**ui-**ui-bd6c59665-bwbxl                                  Running
lighthouse-lighthouse-5cdbcc4c58-dqbng                     Running
lighthouse-lighthouse-5cdbcc4c58-s89dn                     Running
tekton-pipelines-controller-666488cbd5-qkkc2               Running
tide-5477488bf9-pg8jv                                      Running
Verifying the git config
Verifying username ********* at git server github at https://github.com
Found 21 organisations in git server https://github.com: CamelCookbook, FuseByExample, arcalos-dashboard, arcalos-environments, cb-kubecd, cloudbees, codeship, fabric8-updatebot, fusesource, jenkins-x, jenkins-x-apps, jenkins-x-buildpacks, jenkins-x-charts, jenkins-x-dashboard, jenkins-x-images, jenkins-x-labs, jenkins-x-quickstarts, jenkins-x-test-projects, jenkinsci, jenkinsx, petclinic-gcp
Validated pipeline user ********* on git server https://github.com
Git tokens seem to be setup correctly
Installation is currently looking: GOOD
