
Showing logs for build [32mjstrachan-environment-bucketrep-gtvmv-1[0m stage [32mpr-checks[0m and container [32mstep-credential-initializer-8ckhm[0m
{"level":"warn","ts":1584554121.9369938,"logger":"fallback-logger","caller":"logging/config.go:69","msg":"Fetch GitHub commit ID from kodata failed: \"ref: refs/heads/0.8.0-**-support-backwards-incompats\" is not a valid GitHub commit ID"}
{"level":"info","ts":1584554121.9378967,"logger":"fallback-logger","caller":"creds-init/main.go:40","msg":"Credentials initialized."}

Showing logs for build [32mjstrachan-environment-bucketrep-gtvmv-1[0m stage [32mpr-checks[0m and container [32mstep-working-dir-initializer-927w7[0m
{"level":"warn","ts":1584554122.9191325,"logger":"fallback-logger","caller":"logging/config.go:69","msg":"Fetch GitHub commit ID from kodata failed: open /var/run/ko/HEAD: no such file or directory"}
{"level":"info","ts":1584554122.9204078,"logger":"fallback-logger","caller":"bash/main.go:64","msg":"Successfully executed command \"sh -c mkdir -p /workspace/source\"; output "}

Showing logs for build [32mjstrachan-environment-bucketrep-gtvmv-1[0m stage [32mpr-checks[0m and container [32mstep-place-tools[0m

Showing logs for build [32mjstrachan-environment-bucketrep-gtvmv-1[0m stage [32mpr-checks[0m and container [32mstep-git-source-jstrachan-environment-bucketrep-gtvmv-g5d9l[0m
{"level":"warn","ts":1584554129.036897,"logger":"fallback-logger","caller":"logging/config.go:69","msg":"Fetch GitHub commit ID from kodata failed: \"ref: refs/heads/0.8.0-**-support-backwards-incompats\" is not a valid GitHub commit ID"}
{"level":"info","ts":1584554130.106268,"logger":"fallback-logger","caller":"git/git.go:103","msg":"Successfully cloned https://github.com/*********/environment-bucketrepo-staging.git @ master in path /workspace/source"}

Showing logs for build [32mjstrachan-environment-bucketrep-gtvmv-1[0m stage [32mpr-checks[0m and container [32mstep-git-merge[0m
Using SHAs from PULL_REFS=master:b5bc328d367d3029615f76e400553d82afe34f41,22:e3b1f152b82f493df6df0034cd24f1e1047c9c18
DEBUG: LC_ALL=C JX_LOG_LEVEL=error git fetch origin --unshallow e3b1f152b82f493df6df0034cd24f1e1047c9c18: b5bc328d367d3029615f76e400553d82afe34f41:
DEBUG: ran git fetch --unshallow origin e3b1f152b82f493df6df0034cd24f1e1047c9c18: b5bc328d367d3029615f76e400553d82afe34f41: in 
DEBUG: LC_ALL=C JX_LOG_LEVEL=error git branch
DEBUG: LC_ALL=C JX_LOG_LEVEL=error git checkout master
DEBUG: ran git checkout master in 
DEBUG: LC_ALL=C JX_LOG_LEVEL=error git reset --hard b5bc328d367d3029615f76e400553d82afe34f41
DEBUG: ran git reset --hard b5bc328d367d3029615f76e400553d82afe34f41 in 
DEBUG: LC_ALL=C JX_LOG_LEVEL=error git clean -fd .
DEBUG: ran clean --force -d . in 
DEBUG: LC_ALL=C JX_LOG_LEVEL=error git merge e3b1f152b82f493df6df0034cd24f1e1047c9c18
DEBUG: ran git merge e3b1f152b82f493df6df0034cd24f1e1047c9c18 in 
DEBUG: LC_ALL=C JX_LOG_LEVEL=error git log --format=%H%x1f%an%x1f%ae%x1f%cn%x1f%ce%x1f%s%n%b%x1e b5bc328d367d3029615f76e400553d82afe34f41..HEAD
Merged SHA e3b1f152b82f493df6df0034cd24f1e1047c9c18 with commit message 'chore: Promote godemo30 to version 0.0.3' into base branch master

Showing logs for build [32mjstrachan-environment-bucketrep-gtvmv-1[0m stage [32mpr-checks[0m and container [32mstep-create-helmfile[0m
Cloning the Jenkins X versions repo https://github.com/jenkins-x-labs/jenkins-x-versions.git with ref refs/heads/master to /builder/home/.**/jenkins-x-versions

Showing logs for build [32mjstrachan-environment-bucketrep-gtvmv-1[0m stage [32mpr-checks[0m and container [32mstep-lint-helmfile-system[0m
Adding repo dev http://bucketrepo/bucketrepo/charts/
"dev" has been added to your repositories

Adding repo jenkins-x https://storage.googleapis.com/chartmuseum.jenkins-x.io
"jenkins-x" has been added to your repositories

Updating repo
Hang tight while we grab the latest from your chart repositories...
...Successfully got an update from the "dev" chart repository
...Successfully got an update from the "jenkins-x" chart repository
Update Complete. ⎈ Happy Helming!⎈ 

Fetching jenkins-x/empty
Linting release=empty, chart=/tmp/712280605/empty/latest/jenkins-x/empty/empty
==> Linting /tmp/712280605/empty/latest/jenkins-x/empty/empty

1 chart(s) linted, 0 chart(s) failed


Showing logs for build [32mjstrachan-environment-bucketrep-gtvmv-1[0m stage [32mpr-checks[0m and container [32mstep-lint-helmfile-apps[0m
Adding repo dev http://bucketrepo/bucketrepo/charts/
"dev" has been added to your repositories

Adding repo jenkins-x http://chartmuseum.jenkins-x.io
"jenkins-x" has been added to your repositories

Updating repo
Hang tight while we grab the latest from your chart repositories...
...Successfully got an update from the "dev" chart repository
...Successfully got an update from the "jenkins-x" chart repository
Update Complete. ⎈ Happy Helming!⎈ 

Fetching dev/godemo30
Linting release=godemo30, chart=/tmp/018979955/godemo30/0.0.3/dev/godemo30/godemo30
==> Linting /tmp/018979955/godemo30/0.0.3/dev/godemo30/godemo30

1 chart(s) linted, 0 chart(s) failed

